Started GET "/users" for ::1 at 2020-01-30 15:38:17 -0800
DEPRECATION WARNING: ActiveRecord::Base.raise_in_transactional_callbacks= is deprecated, has no effect and will be removed without replacement. (called from block (3 levels) in <class:Railtie> at /Library/Ruby/Gems/2.6.0/gems/activerecord-5.0.7.2/lib/active_record/railtie.rb:113)
  
ActionController::RoutingError (No route matches [GET] "/users"):
  
actionpack (5.0.7.2) lib/action_dispatch/middleware/debug_exceptions.rb:53:in `call'
web-console (3.7.0) lib/web_console/middleware.rb:135:in `call_app'
web-console (3.7.0) lib/web_console/middleware.rb:30:in `block in call'
web-console (3.7.0) lib/web_console/middleware.rb:20:in `catch'
web-console (3.7.0) lib/web_console/middleware.rb:20:in `call'
actionpack (5.0.7.2) lib/action_dispatch/middleware/show_exceptions.rb:31:in `call'
railties (5.0.7.2) lib/rails/rack/logger.rb:36:in `call_app'
railties (5.0.7.2) lib/rails/rack/logger.rb:24:in `block in call'
activesupport (5.0.7.2) lib/active_support/tagged_logging.rb:69:in `block in tagged'
activesupport (5.0.7.2) lib/active_support/tagged_logging.rb:26:in `tagged'
activesupport (5.0.7.2) lib/active_support/tagged_logging.rb:69:in `tagged'
railties (5.0.7.2) lib/rails/rack/logger.rb:24:in `call'
actionpack (5.0.7.2) lib/action_dispatch/middleware/request_id.rb:24:in `call'
rack (2.1.2) lib/rack/method_override.rb:24:in `call'
rack (2.1.2) lib/rack/runtime.rb:24:in `call'
activesupport (5.0.7.2) lib/active_support/cache/strategy/local_cache_middleware.rb:28:in `call'
actionpack (5.0.7.2) lib/action_dispatch/middleware/executor.rb:12:in `call'
rack-livereload (0.3.17) lib/rack/livereload.rb:23:in `_call'
rack-livereload (0.3.17) lib/rack/livereload.rb:14:in `call'
actionpack (5.0.7.2) lib/action_dispatch/middleware/static.rb:136:in `call'
rack (2.1.2) lib/rack/sendfile.rb:113:in `call'
railties (5.0.7.2) lib/rails/engine.rb:522:in `call'
puma (3.12.2) lib/puma/configuration.rb:227:in `call'
puma (3.12.2) lib/puma/server.rb:674:in `handle_request'
puma (3.12.2) lib/puma/server.rb:476:in `process_client'
puma (3.12.2) lib/puma/server.rb:334:in `block in run'
puma (3.12.2) lib/puma/thread_pool.rb:135:in `block in spawn_thread'
  Rendering /Library/Ruby/Gems/2.6.0/gems/actionpack-5.0.7.2/lib/action_dispatch/middleware/templates/rescues/routing_error.html.erb within rescues/layout
  Rendering /Library/Ruby/Gems/2.6.0/gems/actionpack-5.0.7.2/lib/action_dispatch/middleware/templates/rescues/_trace.html.erb
  Rendered /Library/Ruby/Gems/2.6.0/gems/actionpack-5.0.7.2/lib/action_dispatch/middleware/templates/rescues/_trace.html.erb (0.8ms)
  Rendered collection of /Library/Ruby/Gems/2.6.0/gems/actionpack-5.0.7.2/lib/action_dispatch/middleware/templates/routes/_route.html.erb [1 times] (0.7ms)
  Rendered /Library/Ruby/Gems/2.6.0/gems/actionpack-5.0.7.2/lib/action_dispatch/middleware/templates/routes/_table.html.erb (5.0ms)
  Rendering /Library/Ruby/Gems/2.6.0/gems/actionpack-5.0.7.2/lib/action_dispatch/middleware/templates/rescues/_request_and_response.html.erb
  Rendered /Library/Ruby/Gems/2.6.0/gems/actionpack-5.0.7.2/lib/action_dispatch/middleware/templates/rescues/_request_and_response.html.erb (7.0ms)
  Rendered /Library/Ruby/Gems/2.6.0/gems/actionpack-5.0.7.2/lib/action_dispatch/middleware/templates/rescues/routing_error.html.erb within rescues/layout (34.6ms)
Started GET "/" for ::1 at 2020-01-30 15:38:20 -0800
Processing by StaticPagesController#index as HTML
  Rendering static_pages/index.html.erb within layouts/application
  Rendered shared/_main_nav.html.erb (0.2ms)
  Rendered shared/_masthead.html.erb (0.3ms)
  Rendered shared/_sections_nav.html.erb (0.3ms)
  Rendered shared/_search_modal.html.erb (0.2ms)
  Rendered shared/_main_content.html.erb (0.2ms)
  Rendered static_pages/index.html.erb within layouts/application (6.5ms)
Completed 200 OK in 363ms (Views: 361.1ms | ActiveRecord: 0.0ms)


Started GET "/assets/application.self-32405d6501624ff8336a6473aec818239b58c7dbbaff7f783d30713b4e9a6c0c.css?body=1" for ::1 at 2020-01-30 15:38:21 -0800
Started GET "/assets/jquery.self-bd7ddd393353a8d2480a622e80342adf488fb6006d667e8b42e4c0073393abee.js?body=1" for ::1 at 2020-01-30 15:38:21 -0800
Started GET "/assets/jquery_ujs.self-784a997f6726036b1993eb2217c9cb558e1cbb801c6da88105588c56f13b466a.js?body=1" for ::1 at 2020-01-30 15:38:21 -0800
Started GET "/assets/components/modal.self-52188644dbb47def5ee35ae02e69eb567ca9b664472357a8a5789dd39032a265.js?body=1" for ::1 at 2020-01-30 15:38:21 -0800
Started GET "/assets/components/sidebar.self-2a1277f850a6fa21e1a974ef5152f177ac05516477d5081d593bb137b3d6808b.js?body=1" for ::1 at 2020-01-30 15:38:21 -0800
Started GET "/assets/components/dropdown.self-815016af6fab1d5b72abd319213bf62f0c42bab2c585d2e059543ae704a0d74c.js?body=1" for ::1 at 2020-01-30 15:38:21 -0800
Started GET "/assets/application.self-f571b9db02bf4ed04c38a6a29072ac382f7d4f47db1fab9817aeadb0d8665235.js?body=1" for ::1 at 2020-01-30 15:38:21 -0800
Started GET "/" for ::1 at 2020-01-30 16:20:39 -0800
Processing by StaticPagesController#index as HTML
  Rendering static_pages/index.html.erb within layouts/application
  Rendered shared/_main_nav.html.erb (0.2ms)
  Rendered shared/_masthead.html.erb (0.2ms)
  Rendered shared/_sections_nav.html.erb (0.2ms)
  Rendered shared/_search_modal.html.erb (0.2ms)
  Rendered shared/_main_content.html.erb (0.1ms)
  Rendered static_pages/index.html.erb within layouts/application (3.7ms)
Completed 200 OK in 17ms (Views: 16.4ms | ActiveRecord: 0.0ms)


Started GET "/" for ::1 at 2020-01-30 16:20:45 -0800
Processing by StaticPagesController#index as HTML
  Rendering static_pages/index.html.erb within layouts/application
  Rendered shared/_main_nav.html.erb (0.3ms)
  Rendered shared/_masthead.html.erb (0.2ms)
  Rendered shared/_sections_nav.html.erb (0.2ms)
  Rendered shared/_search_modal.html.erb (0.3ms)
  Rendered shared/_main_content.html.erb (0.2ms)
  Rendered static_pages/index.html.erb within layouts/application (5.5ms)
Completed 200 OK in 34ms (Views: 33.6ms | ActiveRecord: 0.0ms)


Started GET "/assets/application.self-32405d6501624ff8336a6473aec818239b58c7dbbaff7f783d30713b4e9a6c0c.css?body=1&livereload=1580430084492" for ::1 at 2020-01-30 16:21:24 -0800
Started GET "/assets/application.self-32405d6501624ff8336a6473aec818239b58c7dbbaff7f783d30713b4e9a6c0c.css?body=1&livereload=1580430084494" for ::1 at 2020-01-30 16:21:24 -0800
Started GET "/assets/application.self-32405d6501624ff8336a6473aec818239b58c7dbbaff7f783d30713b4e9a6c0c.css?body=1&livereload=1580430087724" for ::1 at 2020-01-30 16:21:27 -0800
Started GET "/assets/application.self-32405d6501624ff8336a6473aec818239b58c7dbbaff7f783d30713b4e9a6c0c.css?body=1&livereload=1580430087725" for ::1 at 2020-01-30 16:21:27 -0800
Started GET "/" for ::1 at 2020-01-30 16:21:31 -0800
Processing by StaticPagesController#index as HTML
  Rendering static_pages/index.html.erb within layouts/application
  Rendered shared/_main_nav.html.erb (0.2ms)
  Rendered shared/_masthead.html.erb (0.2ms)
  Rendered shared/_sections_nav.html.erb (0.2ms)
  Rendered shared/_search_modal.html.erb (0.2ms)
  Rendered shared/_main_content.html.erb (0.1ms)
  Rendered static_pages/index.html.erb within layouts/application (4.0ms)
Completed 200 OK in 18ms (Views: 16.9ms | ActiveRecord: 0.0ms)


Started GET "/assets/application.self-fbb595a27257f68d6bb7aab0455f8d1a165313976803642662d5ac83b39bbc8b.css?body=1" for ::1 at 2020-01-30 16:21:31 -0800
Started GET "/" for ::1 at 2020-01-30 16:21:49 -0800
Processing by StaticPagesController#index as HTML
  Rendering static_pages/index.html.erb within layouts/application
  Rendered shared/_main_nav.html.erb (0.2ms)
  Rendered shared/_masthead.html.erb (0.2ms)
  Rendered shared/_sections_nav.html.erb (0.2ms)
  Rendered shared/_search_modal.html.erb (0.2ms)
  Rendered shared/_main_content.html.erb (0.1ms)
  Rendered static_pages/index.html.erb within layouts/application (4.2ms)
Completed 200 OK in 14ms (Views: 13.7ms | ActiveRecord: 0.0ms)


DEPRECATION WARNING: ActiveRecord::Base.raise_in_transactional_callbacks= is deprecated, has no effect and will be removed without replacement. (called from <top (required)> at /Users/henryryu/Desktop/LookingForJob/aa_classwork/W7D4/skeleton 2/config/environment.rb:5)
Started GET "/" for ::1 at 2020-01-30 16:26:11 -0800
DEPRECATION WARNING: ActiveRecord::Base.raise_in_transactional_callbacks= is deprecated, has no effect and will be removed without replacement. (called from block (3 levels) in <class:Railtie> at /Library/Ruby/Gems/2.6.0/gems/activerecord-5.0.7.2/lib/active_record/railtie.rb:113)
Processing by StaticPagesController#index as HTML
  Rendering static_pages/index.html.erb within layouts/application
  Rendered shared/_main_nav.html.erb (0.1ms)
  Rendered shared/_masthead.html.erb (0.1ms)
  Rendered shared/_sections_nav.html.erb (0.1ms)
  Rendered shared/_search_modal.html.erb (0.1ms)
  Rendered shared/_main_content.html.erb (0.1ms)
  Rendered static_pages/index.html.erb within layouts/application (3.5ms)
Completed 200 OK in 172ms (Views: 171.2ms | ActiveRecord: 0.0ms)


Started GET "/" for ::1 at 2020-01-30 16:26:12 -0800
Processing by StaticPagesController#index as HTML
  Rendering static_pages/index.html.erb within layouts/application
  Rendered shared/_main_nav.html.erb (0.2ms)
  Rendered shared/_masthead.html.erb (0.2ms)
  Rendered shared/_sections_nav.html.erb (0.2ms)
  Rendered shared/_search_modal.html.erb (0.2ms)
  Rendered shared/_main_content.html.erb (0.2ms)
  Rendered static_pages/index.html.erb within layouts/application (4.0ms)
Completed 200 OK in 15ms (Views: 14.2ms | ActiveRecord: 0.0ms)


Started GET "/" for ::1 at 2020-01-30 16:26:13 -0800
Processing by StaticPagesController#index as HTML
  Rendering static_pages/index.html.erb within layouts/application
  Rendered shared/_main_nav.html.erb (0.2ms)
  Rendered shared/_masthead.html.erb (0.2ms)
  Rendered shared/_sections_nav.html.erb (0.2ms)
  Rendered shared/_search_modal.html.erb (0.2ms)
  Rendered shared/_main_content.html.erb (0.2ms)
  Rendered static_pages/index.html.erb within layouts/application (4.2ms)
Completed 200 OK in 15ms (Views: 14.1ms | ActiveRecord: 0.0ms)


Started GET "/assets/application.self-fbb595a27257f68d6bb7aab0455f8d1a165313976803642662d5ac83b39bbc8b.css?body=1&livereload=1580430664219" for ::1 at 2020-01-30 16:31:04 -0800
Started GET "/assets/application.self-fbb595a27257f68d6bb7aab0455f8d1a165313976803642662d5ac83b39bbc8b.css?body=1&livereload=1580430664221" for ::1 at 2020-01-30 16:31:04 -0800
Started GET "/assets/application.self-fbb595a27257f68d6bb7aab0455f8d1a165313976803642662d5ac83b39bbc8b.css?body=1&livereload=1580430722495" for ::1 at 2020-01-30 16:32:02 -0800
Started GET "/assets/application.self-fbb595a27257f68d6bb7aab0455f8d1a165313976803642662d5ac83b39bbc8b.css?body=1&livereload=1580430722496" for ::1 at 2020-01-30 16:32:02 -0800
Started GET "/assets/application.self-fbb595a27257f68d6bb7aab0455f8d1a165313976803642662d5ac83b39bbc8b.css?body=1&livereload=1580430723243" for ::1 at 2020-01-30 16:32:03 -0800
Started GET "/assets/application.self-fbb595a27257f68d6bb7aab0455f8d1a165313976803642662d5ac83b39bbc8b.css?body=1&livereload=1580430723244" for ::1 at 2020-01-30 16:32:03 -0800
Started GET "/assets/application.self-fbb595a27257f68d6bb7aab0455f8d1a165313976803642662d5ac83b39bbc8b.css?body=1&livereload=1580430736728" for ::1 at 2020-01-30 16:32:16 -0800
Started GET "/assets/application.self-fbb595a27257f68d6bb7aab0455f8d1a165313976803642662d5ac83b39bbc8b.css?body=1&livereload=1580430736729" for ::1 at 2020-01-30 16:32:16 -0800
Started GET "/assets/application.self-fbb595a27257f68d6bb7aab0455f8d1a165313976803642662d5ac83b39bbc8b.css?body=1&livereload=1580430753998" for ::1 at 2020-01-30 16:32:34 -0800
Started GET "/assets/application.self-fbb595a27257f68d6bb7aab0455f8d1a165313976803642662d5ac83b39bbc8b.css?body=1&livereload=1580430753999" for ::1 at 2020-01-30 16:32:34 -0800
Started GET "/assets/application.self-fbb595a27257f68d6bb7aab0455f8d1a165313976803642662d5ac83b39bbc8b.css?body=1&livereload=1580430755298" for ::1 at 2020-01-30 16:32:35 -0800
Started GET "/assets/application.self-fbb595a27257f68d6bb7aab0455f8d1a165313976803642662d5ac83b39bbc8b.css?body=1&livereload=1580430755299" for ::1 at 2020-01-30 16:32:35 -0800
Started GET "/assets/application.self-fbb595a27257f68d6bb7aab0455f8d1a165313976803642662d5ac83b39bbc8b.css?body=1&livereload=1580430779638" for ::1 at 2020-01-30 16:32:59 -0800
Started GET "/assets/application.self-fbb595a27257f68d6bb7aab0455f8d1a165313976803642662d5ac83b39bbc8b.css?body=1&livereload=1580430779641" for ::1 at 2020-01-30 16:32:59 -0800
Started GET "/assets/application.self-fbb595a27257f68d6bb7aab0455f8d1a165313976803642662d5ac83b39bbc8b.css?body=1&livereload=1580430780946" for ::1 at 2020-01-30 16:33:00 -0800
Started GET "/assets/application.self-fbb595a27257f68d6bb7aab0455f8d1a165313976803642662d5ac83b39bbc8b.css?body=1&livereload=1580430780948" for ::1 at 2020-01-30 16:33:00 -0800
Started GET "/assets/application.self-fbb595a27257f68d6bb7aab0455f8d1a165313976803642662d5ac83b39bbc8b.css?body=1&livereload=1580430785326" for ::1 at 2020-01-30 16:33:05 -0800
Started GET "/assets/application.self-fbb595a27257f68d6bb7aab0455f8d1a165313976803642662d5ac83b39bbc8b.css?body=1&livereload=1580430785327" for ::1 at 2020-01-30 16:33:05 -0800
Started GET "/assets/application.self-fbb595a27257f68d6bb7aab0455f8d1a165313976803642662d5ac83b39bbc8b.css?body=1&livereload=1580430826894" for ::1 at 2020-01-30 16:33:46 -0800
Started GET "/assets/application.self-fbb595a27257f68d6bb7aab0455f8d1a165313976803642662d5ac83b39bbc8b.css?body=1&livereload=1580430826895" for ::1 at 2020-01-30 16:33:46 -0800
Started GET "/assets/application.self-fbb595a27257f68d6bb7aab0455f8d1a165313976803642662d5ac83b39bbc8b.css?body=1&livereload=1580430867909" for ::1 at 2020-01-30 16:34:27 -0800
Started GET "/assets/application.self-fbb595a27257f68d6bb7aab0455f8d1a165313976803642662d5ac83b39bbc8b.css?body=1&livereload=1580430867909&livereload=1580430867909" for ::1 at 2020-01-30 16:34:27 -0800
Started GET "/assets/application.self-fbb595a27257f68d6bb7aab0455f8d1a165313976803642662d5ac83b39bbc8b.css?body=1&livereload=1580430874002&livereload=1580430867909" for ::1 at 2020-01-30 16:34:34 -0800
Started GET "/assets/application.self-fbb595a27257f68d6bb7aab0455f8d1a165313976803642662d5ac83b39bbc8b.css?body=1&livereload=1580430874003&livereload=1580430867909" for ::1 at 2020-01-30 16:34:34 -0800
Started GET "/assets/application.self-fbb595a27257f68d6bb7aab0455f8d1a165313976803642662d5ac83b39bbc8b.css?body=1&livereload=1580430874929&livereload=1580430867909" for ::1 at 2020-01-30 16:34:34 -0800
Started GET "/assets/application.self-fbb595a27257f68d6bb7aab0455f8d1a165313976803642662d5ac83b39bbc8b.css?body=1&livereload=1580430874930&livereload=1580430867909" for ::1 at 2020-01-30 16:34:34 -0800
Started GET "/assets/application.self-fbb595a27257f68d6bb7aab0455f8d1a165313976803642662d5ac83b39bbc8b.css?body=1&livereload=1580430896167&livereload=1580430867909" for ::1 at 2020-01-30 16:34:56 -0800
Started GET "/assets/application.self-fbb595a27257f68d6bb7aab0455f8d1a165313976803642662d5ac83b39bbc8b.css?body=1&livereload=1580430896168&livereload=1580430867909" for ::1 at 2020-01-30 16:34:56 -0800
Started GET "/assets/application.self-fbb595a27257f68d6bb7aab0455f8d1a165313976803642662d5ac83b39bbc8b.css?body=1&livereload=1580431104960&livereload=1580430867909" for ::1 at 2020-01-30 16:38:24 -0800
Started GET "/assets/application.self-fbb595a27257f68d6bb7aab0455f8d1a165313976803642662d5ac83b39bbc8b.css?body=1&livereload=1580431104959&livereload=1580430867909" for ::1 at 2020-01-30 16:38:24 -0800
Started GET "/assets/application.self-fbb595a27257f68d6bb7aab0455f8d1a165313976803642662d5ac83b39bbc8b.css?body=1&livereload=1580431107103&livereload=1580430867909" for ::1 at 2020-01-30 16:38:27 -0800
Started GET "/assets/application.self-fbb595a27257f68d6bb7aab0455f8d1a165313976803642662d5ac83b39bbc8b.css?body=1&livereload=1580431107104&livereload=1580430867909" for ::1 at 2020-01-30 16:38:27 -0800
Started GET "/assets/application.self-fbb595a27257f68d6bb7aab0455f8d1a165313976803642662d5ac83b39bbc8b.css?body=1&livereload=1580431937245&livereload=1580430867909" for ::1 at 2020-01-30 16:52:17 -0800
Started GET "/assets/application.self-fbb595a27257f68d6bb7aab0455f8d1a165313976803642662d5ac83b39bbc8b.css?body=1&livereload=1580431937247&livereload=1580430867909" for ::1 at 2020-01-30 16:52:17 -0800
Started GET "/assets/application.self-fbb595a27257f68d6bb7aab0455f8d1a165313976803642662d5ac83b39bbc8b.css?body=1&livereload=1580431942353&livereload=1580430867909" for ::1 at 2020-01-30 16:52:22 -0800
Started GET "/assets/application.self-fbb595a27257f68d6bb7aab0455f8d1a165313976803642662d5ac83b39bbc8b.css?body=1&livereload=1580431942353&livereload=1580430867909&livereload=1580431942353" for ::1 at 2020-01-30 16:52:22 -0800
Started GET "/assets/application.self-fbb595a27257f68d6bb7aab0455f8d1a165313976803642662d5ac83b39bbc8b.css?body=1&livereload=1580431948109&livereload=1580430867909&livereload=1580431942353" for ::1 at 2020-01-30 16:52:28 -0800
Started GET "/assets/application.self-fbb595a27257f68d6bb7aab0455f8d1a165313976803642662d5ac83b39bbc8b.css?body=1&livereload=1580431948110&livereload=1580430867909&livereload=1580431942353" for ::1 at 2020-01-30 16:52:28 -0800
Started GET "/assets/application.self-fbb595a27257f68d6bb7aab0455f8d1a165313976803642662d5ac83b39bbc8b.css?body=1&livereload=1580431953663&livereload=1580430867909&livereload=1580431942353" for ::1 at 2020-01-30 16:52:33 -0800
Started GET "/assets/application.self-fbb595a27257f68d6bb7aab0455f8d1a165313976803642662d5ac83b39bbc8b.css?body=1&livereload=1580431953664&livereload=1580430867909&livereload=1580431942353" for ::1 at 2020-01-30 16:52:33 -0800
Started GET "/assets/application.self-fbb595a27257f68d6bb7aab0455f8d1a165313976803642662d5ac83b39bbc8b.css?body=1&livereload=1580431955515&livereload=1580430867909&livereload=1580431942353" for ::1 at 2020-01-30 16:52:35 -0800
Started GET "/assets/application.self-fbb595a27257f68d6bb7aab0455f8d1a165313976803642662d5ac83b39bbc8b.css?body=1&livereload=1580431955516&livereload=1580430867909&livereload=1580431942353" for ::1 at 2020-01-30 16:52:35 -0800
Started GET "/assets/application.self-fbb595a27257f68d6bb7aab0455f8d1a165313976803642662d5ac83b39bbc8b.css?body=1&livereload=1580431962786&livereload=1580430867909&livereload=1580431942353" for ::1 at 2020-01-30 16:52:42 -0800
Started GET "/assets/application.self-fbb595a27257f68d6bb7aab0455f8d1a165313976803642662d5ac83b39bbc8b.css?body=1&livereload=1580431962787&livereload=1580430867909&livereload=1580431942353" for ::1 at 2020-01-30 16:52:42 -0800
Started GET "/assets/application.self-fbb595a27257f68d6bb7aab0455f8d1a165313976803642662d5ac83b39bbc8b.css?body=1&livereload=1580431967482&livereload=1580430867909&livereload=1580431942353" for ::1 at 2020-01-30 16:52:47 -0800
Started GET "/assets/application.self-fbb595a27257f68d6bb7aab0455f8d1a165313976803642662d5ac83b39bbc8b.css?body=1&livereload=1580431967483&livereload=1580430867909&livereload=1580431942353" for ::1 at 2020-01-30 16:52:47 -0800
Started GET "/assets/application.self-fbb595a27257f68d6bb7aab0455f8d1a165313976803642662d5ac83b39bbc8b.css?body=1&livereload=1580431973838&livereload=1580430867909&livereload=1580431942353" for ::1 at 2020-01-30 16:52:53 -0800
Started GET "/assets/application.self-fbb595a27257f68d6bb7aab0455f8d1a165313976803642662d5ac83b39bbc8b.css?body=1&livereload=1580431973838&livereload=1580430867909&livereload=1580431942353&livereload=1580431973838" for ::1 at 2020-01-30 16:52:53 -0800
Started GET "/assets/application.self-fbb595a27257f68d6bb7aab0455f8d1a165313976803642662d5ac83b39bbc8b.css?body=1&livereload=1580431982628&livereload=1580430867909&livereload=1580431942353&livereload=1580431973838" for ::1 at 2020-01-30 16:53:02 -0800
Started GET "/assets/application.self-fbb595a27257f68d6bb7aab0455f8d1a165313976803642662d5ac83b39bbc8b.css?body=1&livereload=1580431982629&livereload=1580430867909&livereload=1580431942353&livereload=1580431973838" for ::1 at 2020-01-30 16:53:02 -0800
Started GET "/assets/application.self-fbb595a27257f68d6bb7aab0455f8d1a165313976803642662d5ac83b39bbc8b.css?body=1&livereload=1580431983841&livereload=1580430867909&livereload=1580431942353&livereload=1580431973838" for ::1 at 2020-01-30 16:53:03 -0800
Started GET "/assets/application.self-fbb595a27257f68d6bb7aab0455f8d1a165313976803642662d5ac83b39bbc8b.css?body=1&livereload=1580431983843&livereload=1580430867909&livereload=1580431942353&livereload=1580431973838" for ::1 at 2020-01-30 16:53:03 -0800
Started GET "/assets/application.self-fbb595a27257f68d6bb7aab0455f8d1a165313976803642662d5ac83b39bbc8b.css?body=1&livereload=1580432378160&livereload=1580430867909&livereload=1580431942353&livereload=1580431973838" for ::1 at 2020-01-30 16:59:38 -0800
Started GET "/assets/application.self-fbb595a27257f68d6bb7aab0455f8d1a165313976803642662d5ac83b39bbc8b.css?body=1&livereload=1580432378161&livereload=1580430867909&livereload=1580431942353&livereload=1580431973838" for ::1 at 2020-01-30 16:59:38 -0800
Started GET "/assets/application.self-fbb595a27257f68d6bb7aab0455f8d1a165313976803642662d5ac83b39bbc8b.css?body=1&livereload=1580432382427&livereload=1580430867909&livereload=1580431942353&livereload=1580431973838" for ::1 at 2020-01-30 16:59:42 -0800
Started GET "/assets/application.self-fbb595a27257f68d6bb7aab0455f8d1a165313976803642662d5ac83b39bbc8b.css?body=1&livereload=1580432382430&livereload=1580430867909&livereload=1580431942353&livereload=1580431973838" for ::1 at 2020-01-30 16:59:42 -0800
Started GET "/assets/application.self-fbb595a27257f68d6bb7aab0455f8d1a165313976803642662d5ac83b39bbc8b.css?body=1&livereload=1580432387073&livereload=1580430867909&livereload=1580431942353&livereload=1580431973838" for ::1 at 2020-01-30 16:59:47 -0800
Started GET "/assets/application.self-fbb595a27257f68d6bb7aab0455f8d1a165313976803642662d5ac83b39bbc8b.css?body=1&livereload=1580432387075&livereload=1580430867909&livereload=1580431942353&livereload=1580431973838" for ::1 at 2020-01-30 16:59:47 -0800
Started GET "/assets/application.self-fbb595a27257f68d6bb7aab0455f8d1a165313976803642662d5ac83b39bbc8b.css?body=1&livereload=1580432391987&livereload=1580430867909&livereload=1580431942353&livereload=1580431973838" for ::1 at 2020-01-30 16:59:51 -0800
Started GET "/assets/application.self-fbb595a27257f68d6bb7aab0455f8d1a165313976803642662d5ac83b39bbc8b.css?body=1&livereload=1580432391988&livereload=1580430867909&livereload=1580431942353&livereload=1580431973838" for ::1 at 2020-01-30 16:59:51 -0800
Started GET "/assets/application.self-fbb595a27257f68d6bb7aab0455f8d1a165313976803642662d5ac83b39bbc8b.css?body=1&livereload=1580432393365&livereload=1580430867909&livereload=1580431942353&livereload=1580431973838" for ::1 at 2020-01-30 16:59:53 -0800
Started GET "/assets/application.self-fbb595a27257f68d6bb7aab0455f8d1a165313976803642662d5ac83b39bbc8b.css?body=1&livereload=1580432393366&livereload=1580430867909&livereload=1580431942353&livereload=1580431973838" for ::1 at 2020-01-30 16:59:53 -0800
Started GET "/assets/application.self-fbb595a27257f68d6bb7aab0455f8d1a165313976803642662d5ac83b39bbc8b.css?body=1&livereload=1580432408556&livereload=1580430867909&livereload=1580431942353&livereload=1580431973838" for ::1 at 2020-01-30 17:00:08 -0800
Started GET "/assets/application.self-fbb595a27257f68d6bb7aab0455f8d1a165313976803642662d5ac83b39bbc8b.css?body=1&livereload=1580432408557&livereload=1580430867909&livereload=1580431942353&livereload=1580431973838" for ::1 at 2020-01-30 17:00:08 -0800
Started GET "/assets/application.self-fbb595a27257f68d6bb7aab0455f8d1a165313976803642662d5ac83b39bbc8b.css?body=1&livereload=1580432410413&livereload=1580430867909&livereload=1580431942353&livereload=1580431973838" for ::1 at 2020-01-30 17:00:10 -0800
Started GET "/assets/application.self-fbb595a27257f68d6bb7aab0455f8d1a165313976803642662d5ac83b39bbc8b.css?body=1&livereload=1580432410414&livereload=1580430867909&livereload=1580431942353&livereload=1580431973838" for ::1 at 2020-01-30 17:00:10 -0800
Started GET "/assets/application.self-fbb595a27257f68d6bb7aab0455f8d1a165313976803642662d5ac83b39bbc8b.css?body=1&livereload=1580432412547&livereload=1580430867909&livereload=1580431942353&livereload=1580431973838" for ::1 at 2020-01-30 17:00:12 -0800
Started GET "/assets/application.self-fbb595a27257f68d6bb7aab0455f8d1a165313976803642662d5ac83b39bbc8b.css?body=1&livereload=1580432412548&livereload=1580430867909&livereload=1580431942353&livereload=1580431973838" for ::1 at 2020-01-30 17:00:12 -0800
Started GET "/assets/application.self-fbb595a27257f68d6bb7aab0455f8d1a165313976803642662d5ac83b39bbc8b.css?body=1&livereload=1580432468323&livereload=1580430867909&livereload=1580431942353&livereload=1580431973838" for ::1 at 2020-01-30 17:01:08 -0800
Started GET "/assets/application.self-fbb595a27257f68d6bb7aab0455f8d1a165313976803642662d5ac83b39bbc8b.css?body=1&livereload=1580432468324&livereload=1580430867909&livereload=1580431942353&livereload=1580431973838" for ::1 at 2020-01-30 17:01:08 -0800
Started GET "/assets/application.self-fbb595a27257f68d6bb7aab0455f8d1a165313976803642662d5ac83b39bbc8b.css?body=1&livereload=1580432473499&livereload=1580430867909&livereload=1580431942353&livereload=1580431973838" for ::1 at 2020-01-30 17:01:13 -0800
Started GET "/assets/application.self-fbb595a27257f68d6bb7aab0455f8d1a165313976803642662d5ac83b39bbc8b.css?body=1&livereload=1580432473499&livereload=1580430867909&livereload=1580431942353&livereload=1580431973838&livereload=1580432473499" for ::1 at 2020-01-30 17:01:13 -0800
Started GET "/" for ::1 at 2020-01-30 17:02:25 -0800
Processing by StaticPagesController#index as HTML
  Rendering static_pages/index.html.erb within layouts/application
  Rendered shared/_main_nav.html.erb (0.2ms)
  Rendered shared/_masthead.html.erb (0.2ms)
  Rendered shared/_sections_nav.html.erb (0.2ms)
  Rendered shared/_search_modal.html.erb (0.2ms)
  Rendered shared/_main_content.html.erb (0.2ms)
  Rendered static_pages/index.html.erb within layouts/application (3.9ms)
Completed 200 OK in 21ms (Views: 20.2ms | ActiveRecord: 0.0ms)


Started GET "/assets/application.self-2d416234a7a9543ed66d45707fde875e26b643ef13c275361263f14f4361d232.css?body=1" for ::1 at 2020-01-30 17:02:25 -0800
Started GET "/" for ::1 at 2020-01-30 17:05:07 -0800
Processing by StaticPagesController#index as HTML
  Rendering static_pages/index.html.erb within layouts/application
  Rendered shared/_main_nav.html.erb (0.2ms)
  Rendered shared/_masthead.html.erb (0.2ms)
  Rendered shared/_sections_nav.html.erb (0.2ms)
  Rendered shared/_search_modal.html.erb (0.2ms)
  Rendered shared/_main_content.html.erb (0.2ms)
  Rendered static_pages/index.html.erb within layouts/application (4.2ms)
Completed 200 OK in 17ms (Views: 16.3ms | ActiveRecord: 0.0ms)


Started GET "/" for ::1 at 2020-01-30 17:18:22 -0800
Processing by StaticPagesController#index as HTML
  Rendering static_pages/index.html.erb within layouts/application
  Rendered shared/_main_nav.html.erb (0.1ms)
  Rendered shared/_masthead.html.erb (0.1ms)
  Rendered shared/_sections_nav.html.erb (0.2ms)
  Rendered shared/_search_modal.html.erb (0.1ms)
  Rendered shared/_main_content.html.erb (0.2ms)
  Rendered static_pages/index.html.erb within layouts/application (3.6ms)
Completed 200 OK in 16ms (Views: 15.2ms | ActiveRecord: 0.0ms)


Started GET "/" for ::1 at 2020-01-30 17:18:25 -0800
Processing by StaticPagesController#index as HTML
  Rendering static_pages/index.html.erb within layouts/application
  Rendered shared/_main_nav.html.erb (0.2ms)
  Rendered shared/_masthead.html.erb (0.3ms)
  Rendered shared/_sections_nav.html.erb (0.2ms)
  Rendered shared/_search_modal.html.erb (0.2ms)
  Rendered shared/_main_content.html.erb (0.2ms)
  Rendered static_pages/index.html.erb within layouts/application (4.8ms)
Completed 200 OK in 15ms (Views: 14.2ms | ActiveRecord: 0.0ms)


Started GET "/" for ::1 at 2020-01-30 17:18:28 -0800
Processing by StaticPagesController#index as HTML
  Rendering static_pages/index.html.erb within layouts/application
  Rendered shared/_main_nav.html.erb (0.3ms)
  Rendered shared/_masthead.html.erb (0.4ms)
  Rendered shared/_sections_nav.html.erb (0.2ms)
  Rendered shared/_search_modal.html.erb (0.2ms)
  Rendered shared/_main_content.html.erb (0.3ms)
  Rendered static_pages/index.html.erb within layouts/application (5.5ms)
Completed 200 OK in 17ms (Views: 16.5ms | ActiveRecord: 0.0ms)


Started GET "/" for ::1 at 2020-01-30 17:18:35 -0800
Processing by StaticPagesController#index as HTML
  Rendering static_pages/index.html.erb within layouts/application
  Rendered shared/_main_nav.html.erb (0.2ms)
  Rendered shared/_masthead.html.erb (0.2ms)
  Rendered shared/_sections_nav.html.erb (0.2ms)
  Rendered shared/_search_modal.html.erb (0.2ms)
  Rendered shared/_main_content.html.erb (0.3ms)
  Rendered static_pages/index.html.erb within layouts/application (4.4ms)
Completed 200 OK in 17ms (Views: 15.8ms | ActiveRecord: 0.0ms)


Started GET "/" for ::1 at 2020-01-30 17:18:39 -0800
Processing by StaticPagesController#index as HTML
  Rendering static_pages/index.html.erb within layouts/application
  Rendered shared/_main_nav.html.erb (0.2ms)
  Rendered shared/_masthead.html.erb (0.2ms)
  Rendered shared/_sections_nav.html.erb (0.2ms)
  Rendered shared/_search_modal.html.erb (0.2ms)
  Rendered shared/_main_content.html.erb (0.2ms)
  Rendered static_pages/index.html.erb within layouts/application (4.1ms)
Completed 200 OK in 23ms (Views: 22.3ms | ActiveRecord: 0.0ms)


Started GET "/" for ::1 at 2020-01-30 17:19:12 -0800
Processing by StaticPagesController#index as HTML
  Rendering static_pages/index.html.erb within layouts/application
  Rendered shared/_main_nav.html.erb (0.3ms)
  Rendered shared/_masthead.html.erb (0.2ms)
  Rendered shared/_sections_nav.html.erb (0.2ms)
  Rendered shared/_search_modal.html.erb (0.2ms)
  Rendered shared/_main_content.html.erb (0.2ms)
  Rendered static_pages/index.html.erb within layouts/application (4.4ms)
Completed 200 OK in 17ms (Views: 16.0ms | ActiveRecord: 0.0ms)


Started GET "/" for ::1 at 2020-01-30 17:19:17 -0800
Processing by StaticPagesController#index as HTML
  Rendering static_pages/index.html.erb within layouts/application
  Rendered shared/_main_nav.html.erb (0.2ms)
  Rendered shared/_masthead.html.erb (0.1ms)
  Rendered shared/_sections_nav.html.erb (0.1ms)
  Rendered shared/_search_modal.html.erb (0.1ms)
  Rendered shared/_main_content.html.erb (0.1ms)
  Rendered static_pages/index.html.erb within layouts/application (3.4ms)
Completed 200 OK in 15ms (Views: 14.0ms | ActiveRecord: 0.0ms)


Started GET "/" for ::1 at 2020-01-30 17:19:20 -0800
Processing by StaticPagesController#index as HTML
  Rendering static_pages/index.html.erb within layouts/application
  Rendered shared/_main_nav.html.erb (0.2ms)
  Rendered shared/_masthead.html.erb (0.2ms)
  Rendered shared/_sections_nav.html.erb (0.2ms)
  Rendered shared/_search_modal.html.erb (0.2ms)
  Rendered shared/_main_content.html.erb (0.2ms)
  Rendered static_pages/index.html.erb within layouts/application (4.1ms)
Completed 200 OK in 15ms (Views: 14.5ms | ActiveRecord: 0.0ms)


Started GET "/" for ::1 at 2020-01-30 17:19:31 -0800
Processing by StaticPagesController#index as HTML
  Rendering static_pages/index.html.erb within layouts/application
  Rendered shared/_main_nav.html.erb (0.3ms)
  Rendered shared/_masthead.html.erb (0.2ms)
  Rendered shared/_sections_nav.html.erb (0.2ms)
  Rendered shared/_search_modal.html.erb (0.3ms)
  Rendered shared/_main_content.html.erb (0.2ms)
  Rendered static_pages/index.html.erb within layouts/application (4.8ms)
Completed 200 OK in 18ms (Views: 17.1ms | ActiveRecord: 0.0ms)


Started GET "/" for ::1 at 2020-01-30 17:19:36 -0800
Processing by StaticPagesController#index as HTML
  Rendering static_pages/index.html.erb within layouts/application
  Rendered shared/_main_nav.html.erb (0.2ms)
  Rendered shared/_masthead.html.erb (0.2ms)
  Rendered shared/_sections_nav.html.erb (0.2ms)
  Rendered shared/_search_modal.html.erb (0.1ms)
  Rendered shared/_main_content.html.erb (0.2ms)
  Rendered static_pages/index.html.erb within layouts/application (3.8ms)
Completed 200 OK in 15ms (Views: 14.1ms | ActiveRecord: 0.0ms)


Started GET "/" for ::1 at 2020-01-30 17:19:38 -0800
Processing by StaticPagesController#index as HTML
  Rendering static_pages/index.html.erb within layouts/application
  Rendered shared/_main_nav.html.erb (0.2ms)
  Rendered shared/_masthead.html.erb (0.2ms)
  Rendered shared/_sections_nav.html.erb (0.2ms)
  Rendered shared/_search_modal.html.erb (0.2ms)
  Rendered shared/_main_content.html.erb (0.2ms)
  Rendered static_pages/index.html.erb within layouts/application (4.0ms)
Completed 200 OK in 15ms (Views: 14.7ms | ActiveRecord: 0.0ms)


Started GET "/" for ::1 at 2020-01-30 17:19:43 -0800
Processing by StaticPagesController#index as HTML
  Rendering static_pages/index.html.erb within layouts/application
  Rendered shared/_main_nav.html.erb (0.2ms)
  Rendered shared/_masthead.html.erb (0.2ms)
  Rendered shared/_sections_nav.html.erb (0.2ms)
  Rendered shared/_search_modal.html.erb (0.2ms)
  Rendered shared/_main_content.html.erb (0.2ms)
  Rendered static_pages/index.html.erb within layouts/application (4.5ms)
Completed 200 OK in 31ms (Views: 29.9ms | ActiveRecord: 0.0ms)


Started GET "/" for ::1 at 2020-01-30 17:19:51 -0800
Processing by StaticPagesController#index as HTML
  Rendering static_pages/index.html.erb within layouts/application
  Rendered shared/_main_nav.html.erb (0.3ms)
  Rendered shared/_masthead.html.erb (0.2ms)
  Rendered shared/_sections_nav.html.erb (0.2ms)
  Rendered shared/_search_modal.html.erb (0.2ms)
  Rendered shared/_main_content.html.erb (0.2ms)
  Rendered static_pages/index.html.erb within layouts/application (5.2ms)
Completed 200 OK in 17ms (Views: 16.2ms | ActiveRecord: 0.0ms)


Started GET "/" for ::1 at 2020-01-30 17:19:52 -0800
Processing by StaticPagesController#index as HTML
  Rendering static_pages/index.html.erb within layouts/application
  Rendered shared/_main_nav.html.erb (0.2ms)
  Rendered shared/_masthead.html.erb (0.1ms)
  Rendered shared/_sections_nav.html.erb (0.1ms)
  Rendered shared/_search_modal.html.erb (0.1ms)
  Rendered shared/_main_content.html.erb (0.1ms)
  Rendered static_pages/index.html.erb within layouts/application (3.3ms)
Completed 200 OK in 14ms (Views: 13.2ms | ActiveRecord: 0.0ms)


Started GET "/" for ::1 at 2020-01-30 17:20:12 -0800
Processing by StaticPagesController#index as HTML
  Rendering static_pages/index.html.erb within layouts/application
  Rendered shared/_main_nav.html.erb (0.2ms)
  Rendered shared/_masthead.html.erb (0.2ms)
  Rendered shared/_sections_nav.html.erb (0.3ms)
  Rendered shared/_search_modal.html.erb (0.2ms)
  Rendered shared/_main_content.html.erb (0.2ms)
  Rendered static_pages/index.html.erb within layouts/application (4.8ms)
Completed 200 OK in 16ms (Views: 15.0ms | ActiveRecord: 0.0ms)


Started GET "/" for ::1 at 2020-01-30 17:20:15 -0800
Processing by StaticPagesController#index as HTML
  Rendering static_pages/index.html.erb within layouts/application
  Rendered shared/_main_nav.html.erb (0.2ms)
  Rendered shared/_masthead.html.erb (0.2ms)
  Rendered shared/_sections_nav.html.erb (0.2ms)
  Rendered shared/_search_modal.html.erb (0.2ms)
  Rendered shared/_main_content.html.erb (0.2ms)
  Rendered static_pages/index.html.erb within layouts/application (4.5ms)
Completed 200 OK in 16ms (Views: 15.4ms | ActiveRecord: 0.0ms)


Started GET "/" for ::1 at 2020-01-30 17:20:31 -0800
Processing by StaticPagesController#index as HTML
  Rendering static_pages/index.html.erb within layouts/application
  Rendered shared/_main_nav.html.erb (0.2ms)
  Rendered shared/_masthead.html.erb (0.1ms)
  Rendered shared/_sections_nav.html.erb (0.1ms)
  Rendered shared/_search_modal.html.erb (0.1ms)
  Rendered shared/_main_content.html.erb (0.1ms)
  Rendered static_pages/index.html.erb within layouts/application (3.2ms)
Completed 200 OK in 15ms (Views: 14.3ms | ActiveRecord: 0.0ms)


Started GET "/assets/application.self-2d416234a7a9543ed66d45707fde875e26b643ef13c275361263f14f4361d232.css?body=1&livereload=1580433665054" for ::1 at 2020-01-30 17:21:05 -0800
Started GET "/assets/application.self-2d416234a7a9543ed66d45707fde875e26b643ef13c275361263f14f4361d232.css?body=1&livereload=1580433665055" for ::1 at 2020-01-30 17:21:05 -0800
Started GET "/assets/application.self-2d416234a7a9543ed66d45707fde875e26b643ef13c275361263f14f4361d232.css?body=1&livereload=1580433671283" for ::1 at 2020-01-30 17:21:11 -0800
Started GET "/assets/application.self-2d416234a7a9543ed66d45707fde875e26b643ef13c275361263f14f4361d232.css?body=1&livereload=1580433671284" for ::1 at 2020-01-30 17:21:11 -0800
Started GET "/assets/application.self-2d416234a7a9543ed66d45707fde875e26b643ef13c275361263f14f4361d232.css?body=1&livereload=1580433675365" for ::1 at 2020-01-30 17:21:15 -0800
Started GET "/assets/application.self-2d416234a7a9543ed66d45707fde875e26b643ef13c275361263f14f4361d232.css?body=1&livereload=1580433675366" for ::1 at 2020-01-30 17:21:15 -0800
Started GET "/assets/application.self-2d416234a7a9543ed66d45707fde875e26b643ef13c275361263f14f4361d232.css?body=1&livereload=1580433678227" for ::1 at 2020-01-30 17:21:18 -0800
Started GET "/assets/application.self-2d416234a7a9543ed66d45707fde875e26b643ef13c275361263f14f4361d232.css?body=1&livereload=1580433678228" for ::1 at 2020-01-30 17:21:18 -0800
Started GET "/assets/application.self-2d416234a7a9543ed66d45707fde875e26b643ef13c275361263f14f4361d232.css?body=1&livereload=1580433682948" for ::1 at 2020-01-30 17:21:22 -0800
Started GET "/assets/application.self-2d416234a7a9543ed66d45707fde875e26b643ef13c275361263f14f4361d232.css?body=1&livereload=1580433682949" for ::1 at 2020-01-30 17:21:22 -0800
Started GET "/assets/application.self-2d416234a7a9543ed66d45707fde875e26b643ef13c275361263f14f4361d232.css?body=1&livereload=1580433684596" for ::1 at 2020-01-30 17:21:24 -0800
Started GET "/assets/application.self-2d416234a7a9543ed66d45707fde875e26b643ef13c275361263f14f4361d232.css?body=1&livereload=1580433684596&livereload=1580433684596" for ::1 at 2020-01-30 17:21:24 -0800
Started GET "/assets/application.self-2d416234a7a9543ed66d45707fde875e26b643ef13c275361263f14f4361d232.css?body=1&livereload=1580433725899&livereload=1580433684596" for ::1 at 2020-01-30 17:22:05 -0800
Started GET "/assets/application.self-2d416234a7a9543ed66d45707fde875e26b643ef13c275361263f14f4361d232.css?body=1&livereload=1580433725900&livereload=1580433684596" for ::1 at 2020-01-30 17:22:05 -0800
Started GET "/assets/application.self-2d416234a7a9543ed66d45707fde875e26b643ef13c275361263f14f4361d232.css?body=1&livereload=1580433726445&livereload=1580433684596" for ::1 at 2020-01-30 17:22:06 -0800
Started GET "/assets/application.self-2d416234a7a9543ed66d45707fde875e26b643ef13c275361263f14f4361d232.css?body=1&livereload=1580433726447&livereload=1580433684596" for ::1 at 2020-01-30 17:22:06 -0800
Started GET "/assets/application.self-2d416234a7a9543ed66d45707fde875e26b643ef13c275361263f14f4361d232.css?body=1&livereload=1580433740531&livereload=1580433684596" for ::1 at 2020-01-30 17:22:20 -0800
Started GET "/assets/application.self-2d416234a7a9543ed66d45707fde875e26b643ef13c275361263f14f4361d232.css?body=1&livereload=1580433740532&livereload=1580433684596" for ::1 at 2020-01-30 17:22:20 -0800
Started GET "/assets/application.self-2d416234a7a9543ed66d45707fde875e26b643ef13c275361263f14f4361d232.css?body=1&livereload=1580433745991&livereload=1580433684596" for ::1 at 2020-01-30 17:22:25 -0800
Started GET "/assets/application.self-2d416234a7a9543ed66d45707fde875e26b643ef13c275361263f14f4361d232.css?body=1&livereload=1580433745992&livereload=1580433684596" for ::1 at 2020-01-30 17:22:25 -0800
Started GET "/assets/application.self-2d416234a7a9543ed66d45707fde875e26b643ef13c275361263f14f4361d232.css?body=1&livereload=1580433750242&livereload=1580433684596" for ::1 at 2020-01-30 17:22:30 -0800
Started GET "/assets/application.self-2d416234a7a9543ed66d45707fde875e26b643ef13c275361263f14f4361d232.css?body=1&livereload=1580433750243&livereload=1580433684596" for ::1 at 2020-01-30 17:22:30 -0800
Started GET "/assets/application.self-2d416234a7a9543ed66d45707fde875e26b643ef13c275361263f14f4361d232.css?body=1&livereload=1580433750882&livereload=1580433684596" for ::1 at 2020-01-30 17:22:30 -0800
Started GET "/assets/application.self-2d416234a7a9543ed66d45707fde875e26b643ef13c275361263f14f4361d232.css?body=1&livereload=1580433750883&livereload=1580433684596" for ::1 at 2020-01-30 17:22:30 -0800
Started GET "/assets/application.self-2d416234a7a9543ed66d45707fde875e26b643ef13c275361263f14f4361d232.css?body=1&livereload=1580433753756&livereload=1580433684596" for ::1 at 2020-01-30 17:22:33 -0800
Started GET "/assets/application.self-2d416234a7a9543ed66d45707fde875e26b643ef13c275361263f14f4361d232.css?body=1&livereload=1580433753757&livereload=1580433684596" for ::1 at 2020-01-30 17:22:33 -0800
Started GET "/assets/application.self-2d416234a7a9543ed66d45707fde875e26b643ef13c275361263f14f4361d232.css?body=1&livereload=1580433761339&livereload=1580433684596" for ::1 at 2020-01-30 17:22:41 -0800
Started GET "/assets/application.self-2d416234a7a9543ed66d45707fde875e26b643ef13c275361263f14f4361d232.css?body=1&livereload=1580433761341&livereload=1580433684596" for ::1 at 2020-01-30 17:22:41 -0800
Started GET "/assets/application.self-2d416234a7a9543ed66d45707fde875e26b643ef13c275361263f14f4361d232.css?body=1&livereload=1580433762997&livereload=1580433684596" for ::1 at 2020-01-30 17:22:42 -0800
Started GET "/assets/application.self-2d416234a7a9543ed66d45707fde875e26b643ef13c275361263f14f4361d232.css?body=1&livereload=1580433762998&livereload=1580433684596" for ::1 at 2020-01-30 17:22:42 -0800
Started GET "/assets/application.self-2d416234a7a9543ed66d45707fde875e26b643ef13c275361263f14f4361d232.css?body=1&livereload=1580434623486&livereload=1580433684596" for ::1 at 2020-01-30 17:37:03 -0800
Started GET "/assets/application.self-2d416234a7a9543ed66d45707fde875e26b643ef13c275361263f14f4361d232.css?body=1&livereload=1580434623487&livereload=1580433684596" for ::1 at 2020-01-30 17:37:03 -0800
Started GET "/assets/application.self-2d416234a7a9543ed66d45707fde875e26b643ef13c275361263f14f4361d232.css?body=1&livereload=1580434668541&livereload=1580433684596" for ::1 at 2020-01-30 17:37:48 -0800
Started GET "/assets/application.self-2d416234a7a9543ed66d45707fde875e26b643ef13c275361263f14f4361d232.css?body=1&livereload=1580434668542&livereload=1580433684596" for ::1 at 2020-01-30 17:37:48 -0800
Started GET "/assets/application.self-2d416234a7a9543ed66d45707fde875e26b643ef13c275361263f14f4361d232.css?body=1&livereload=1580434685394&livereload=1580433684596" for ::1 at 2020-01-30 17:38:05 -0800
Started GET "/assets/application.self-2d416234a7a9543ed66d45707fde875e26b643ef13c275361263f14f4361d232.css?body=1&livereload=1580434685395&livereload=1580433684596" for ::1 at 2020-01-30 17:38:05 -0800
Started GET "/assets/application.self-2d416234a7a9543ed66d45707fde875e26b643ef13c275361263f14f4361d232.css?body=1&livereload=1580434685863&livereload=1580433684596" for ::1 at 2020-01-30 17:38:05 -0800
Started GET "/assets/application.self-2d416234a7a9543ed66d45707fde875e26b643ef13c275361263f14f4361d232.css?body=1&livereload=1580434685863&livereload=1580433684596&livereload=1580434685863" for ::1 at 2020-01-30 17:38:05 -0800
Started GET "/" for ::1 at 2020-01-30 17:38:07 -0800
Processing by StaticPagesController#index as HTML
  Rendering static_pages/index.html.erb within layouts/application
  Rendered shared/_main_nav.html.erb (0.2ms)
  Rendered shared/_masthead.html.erb (0.1ms)
  Rendered shared/_sections_nav.html.erb (0.1ms)
  Rendered shared/_search_modal.html.erb (0.1ms)
  Rendered shared/_main_content.html.erb (0.1ms)
  Rendered static_pages/index.html.erb within layouts/application (3.6ms)
Completed 200 OK in 21ms (Views: 20.5ms | ActiveRecord: 0.0ms)


Started GET "/assets/application.self-cdefa43f10ad930ec1814f07415d7306cf3195f66d9b1f6d22ab8d1148d44819.css?body=1" for ::1 at 2020-01-30 17:38:07 -0800
Started GET "/assets/application.self-cdefa43f10ad930ec1814f07415d7306cf3195f66d9b1f6d22ab8d1148d44819.css?body=1&livereload=1580434694578" for ::1 at 2020-01-30 17:38:14 -0800
Started GET "/assets/application.self-cdefa43f10ad930ec1814f07415d7306cf3195f66d9b1f6d22ab8d1148d44819.css?body=1&livereload=1580434694579" for ::1 at 2020-01-30 17:38:14 -0800
Started GET "/" for ::1 at 2020-01-30 17:38:42 -0800
Processing by StaticPagesController#index as HTML
  Rendering static_pages/index.html.erb within layouts/application
  Rendered shared/_main_nav.html.erb (0.2ms)
  Rendered shared/_masthead.html.erb (0.2ms)
  Rendered shared/_sections_nav.html.erb (0.2ms)
  Rendered shared/_search_modal.html.erb (0.2ms)
  Rendered shared/_main_content.html.erb (0.2ms)
  Rendered static_pages/index.html.erb within layouts/application (4.0ms)
Completed 200 OK in 17ms (Views: 16.5ms | ActiveRecord: 0.0ms)


Started GET "/assets/application.self-1001b2599e81172592ff49a0b24a76dcb78c2275647064215f722f142caecfe8.css?body=1" for ::1 at 2020-01-30 17:38:42 -0800
Started GET "/" for ::1 at 2020-01-30 17:38:44 -0800
Processing by StaticPagesController#index as HTML
  Rendering static_pages/index.html.erb within layouts/application
  Rendered shared/_main_nav.html.erb (0.3ms)
  Rendered shared/_masthead.html.erb (0.2ms)
  Rendered shared/_sections_nav.html.erb (0.3ms)
  Rendered shared/_search_modal.html.erb (0.2ms)
  Rendered shared/_main_content.html.erb (0.2ms)
  Rendered static_pages/index.html.erb within layouts/application (5.3ms)
Completed 200 OK in 17ms (Views: 16.4ms | ActiveRecord: 0.0ms)


Started GET "/" for ::1 at 2020-01-30 17:38:45 -0800
Processing by StaticPagesController#index as HTML
  Rendering static_pages/index.html.erb within layouts/application
  Rendered shared/_main_nav.html.erb (0.1ms)
  Rendered shared/_masthead.html.erb (0.2ms)
  Rendered shared/_sections_nav.html.erb (0.1ms)
  Rendered shared/_search_modal.html.erb (0.1ms)
  Rendered shared/_main_content.html.erb (0.1ms)
  Rendered static_pages/index.html.erb within layouts/application (3.2ms)
Completed 200 OK in 23ms (Views: 22.4ms | ActiveRecord: 0.0ms)


Started GET "/" for ::1 at 2020-01-30 17:38:49 -0800
Processing by StaticPagesController#index as HTML
  Rendering static_pages/index.html.erb within layouts/application
  Rendered shared/_main_nav.html.erb (0.2ms)
  Rendered shared/_masthead.html.erb (0.2ms)
  Rendered shared/_sections_nav.html.erb (0.2ms)
  Rendered shared/_search_modal.html.erb (0.1ms)
  Rendered shared/_main_content.html.erb (0.2ms)
  Rendered static_pages/index.html.erb within layouts/application (3.6ms)
Completed 200 OK in 15ms (Views: 13.9ms | ActiveRecord: 0.0ms)


Started GET "/" for ::1 at 2020-01-30 17:38:49 -0800
Processing by StaticPagesController#index as HTML
  Rendering static_pages/index.html.erb within layouts/application
  Rendered shared/_main_nav.html.erb (0.2ms)
  Rendered shared/_masthead.html.erb (0.2ms)
  Rendered shared/_sections_nav.html.erb (0.2ms)
  Rendered shared/_search_modal.html.erb (0.1ms)
  Rendered shared/_main_content.html.erb (0.1ms)
  Rendered static_pages/index.html.erb within layouts/application (3.8ms)
Completed 200 OK in 13ms (Views: 12.6ms | ActiveRecord: 0.0ms)


Started GET "/" for ::1 at 2020-01-30 17:38:53 -0800
Processing by StaticPagesController#index as HTML
  Rendering static_pages/index.html.erb within layouts/application
  Rendered shared/_main_nav.html.erb (0.3ms)
  Rendered shared/_masthead.html.erb (0.2ms)
  Rendered shared/_sections_nav.html.erb (0.2ms)
  Rendered shared/_search_modal.html.erb (0.3ms)
  Rendered shared/_main_content.html.erb (0.2ms)
  Rendered static_pages/index.html.erb within layouts/application (5.3ms)
Completed 200 OK in 17ms (Views: 16.1ms | ActiveRecord: 0.0ms)


Started GET "/" for ::1 at 2020-01-30 17:38:54 -0800
Processing by StaticPagesController#index as HTML
  Rendering static_pages/index.html.erb within layouts/application
  Rendered shared/_main_nav.html.erb (0.2ms)
  Rendered shared/_masthead.html.erb (0.2ms)
  Rendered shared/_sections_nav.html.erb (0.2ms)
  Rendered shared/_search_modal.html.erb (0.2ms)
  Rendered shared/_main_content.html.erb (0.2ms)
  Rendered static_pages/index.html.erb within layouts/application (4.2ms)
Completed 200 OK in 15ms (Views: 14.4ms | ActiveRecord: 0.0ms)


Started GET "/" for ::1 at 2020-01-30 17:38:56 -0800
Processing by StaticPagesController#index as HTML
  Rendering static_pages/index.html.erb within layouts/application
  Rendered shared/_main_nav.html.erb (0.2ms)
  Rendered shared/_masthead.html.erb (0.1ms)
  Rendered shared/_sections_nav.html.erb (0.1ms)
  Rendered shared/_search_modal.html.erb (0.1ms)
  Rendered shared/_main_content.html.erb (0.1ms)
  Rendered static_pages/index.html.erb within layouts/application (3.4ms)
Completed 200 OK in 13ms (Views: 12.3ms | ActiveRecord: 0.0ms)


Started GET "/" for ::1 at 2020-01-30 17:39:00 -0800
Processing by StaticPagesController#index as HTML
  Rendering static_pages/index.html.erb within layouts/application
  Rendered shared/_main_nav.html.erb (0.2ms)
  Rendered shared/_masthead.html.erb (0.2ms)
  Rendered shared/_sections_nav.html.erb (0.2ms)
  Rendered shared/_search_modal.html.erb (0.2ms)
  Rendered shared/_main_content.html.erb (0.2ms)
  Rendered static_pages/index.html.erb within layouts/application (4.1ms)
Completed 200 OK in 16ms (Views: 15.0ms | ActiveRecord: 0.0ms)


Started GET "/" for ::1 at 2020-01-30 17:39:02 -0800
Processing by StaticPagesController#index as HTML
  Rendering static_pages/index.html.erb within layouts/application
  Rendered shared/_main_nav.html.erb (0.3ms)
  Rendered shared/_masthead.html.erb (0.2ms)
  Rendered shared/_sections_nav.html.erb (0.2ms)
  Rendered shared/_search_modal.html.erb (0.3ms)
  Rendered shared/_main_content.html.erb (0.4ms)
  Rendered static_pages/index.html.erb within layouts/application (5.0ms)
Completed 200 OK in 26ms (Views: 25.4ms | ActiveRecord: 0.0ms)


Started GET "/" for ::1 at 2020-01-30 17:39:04 -0800
Processing by StaticPagesController#index as HTML
  Rendering static_pages/index.html.erb within layouts/application
  Rendered shared/_main_nav.html.erb (0.2ms)
  Rendered shared/_masthead.html.erb (0.1ms)
  Rendered shared/_sections_nav.html.erb (0.1ms)
  Rendered shared/_search_modal.html.erb (0.1ms)
  Rendered shared/_main_content.html.erb (0.1ms)
  Rendered static_pages/index.html.erb within layouts/application (3.6ms)
Completed 200 OK in 17ms (Views: 16.0ms | ActiveRecord: 0.0ms)


Started GET "/" for ::1 at 2020-01-30 17:39:05 -0800
Processing by StaticPagesController#index as HTML
  Rendering static_pages/index.html.erb within layouts/application
  Rendered shared/_main_nav.html.erb (0.2ms)
  Rendered shared/_masthead.html.erb (0.2ms)
  Rendered shared/_sections_nav.html.erb (0.2ms)
  Rendered shared/_search_modal.html.erb (0.2ms)
  Rendered shared/_main_content.html.erb (0.2ms)
  Rendered static_pages/index.html.erb within layouts/application (4.5ms)
Completed 200 OK in 15ms (Views: 14.4ms | ActiveRecord: 0.0ms)


Started GET "/" for ::1 at 2020-01-30 17:39:08 -0800
Processing by StaticPagesController#index as HTML
  Rendering static_pages/index.html.erb within layouts/application
  Rendered shared/_main_nav.html.erb (0.2ms)
  Rendered shared/_masthead.html.erb (0.2ms)
  Rendered shared/_sections_nav.html.erb (0.2ms)
  Rendered shared/_search_modal.html.erb (0.2ms)
  Rendered shared/_main_content.html.erb (0.2ms)
  Rendered static_pages/index.html.erb within layouts/application (4.8ms)
Completed 200 OK in 18ms (Views: 17.0ms | ActiveRecord: 0.0ms)


Started GET "/" for ::1 at 2020-01-30 17:39:10 -0800
Processing by StaticPagesController#index as HTML
  Rendering static_pages/index.html.erb within layouts/application
  Rendered shared/_main_nav.html.erb (0.3ms)
  Rendered shared/_masthead.html.erb (0.2ms)
  Rendered shared/_sections_nav.html.erb (0.2ms)
  Rendered shared/_search_modal.html.erb (0.2ms)
  Rendered shared/_main_content.html.erb (0.2ms)
  Rendered static_pages/index.html.erb within layouts/application (4.9ms)
Completed 200 OK in 16ms (Views: 15.8ms | ActiveRecord: 0.0ms)


Started GET "/" for ::1 at 2020-01-30 17:39:11 -0800
Processing by StaticPagesController#index as HTML
  Rendering static_pages/index.html.erb within layouts/application
  Rendered shared/_main_nav.html.erb (0.2ms)
  Rendered shared/_masthead.html.erb (0.2ms)
  Rendered shared/_sections_nav.html.erb (0.1ms)
  Rendered shared/_search_modal.html.erb (0.2ms)
  Rendered shared/_main_content.html.erb (0.2ms)
  Rendered static_pages/index.html.erb within layouts/application (3.7ms)
Completed 200 OK in 16ms (Views: 15.3ms | ActiveRecord: 0.0ms)


Started GET "/" for ::1 at 2020-01-30 17:39:13 -0800
Processing by StaticPagesController#index as HTML
  Rendering static_pages/index.html.erb within layouts/application
  Rendered shared/_main_nav.html.erb (0.3ms)
  Rendered shared/_masthead.html.erb (0.2ms)
  Rendered shared/_sections_nav.html.erb (0.2ms)
  Rendered shared/_search_modal.html.erb (0.2ms)
  Rendered shared/_main_content.html.erb (0.2ms)
  Rendered static_pages/index.html.erb within layouts/application (4.4ms)
Completed 200 OK in 25ms (Views: 24.5ms | ActiveRecord: 0.0ms)


Started GET "/" for ::1 at 2020-01-30 17:39:15 -0800
Processing by StaticPagesController#index as HTML
  Rendering static_pages/index.html.erb within layouts/application
  Rendered shared/_main_nav.html.erb (0.2ms)
  Rendered shared/_masthead.html.erb (0.1ms)
  Rendered shared/_sections_nav.html.erb (0.1ms)
  Rendered shared/_search_modal.html.erb (0.1ms)
  Rendered shared/_main_content.html.erb (0.1ms)
  Rendered static_pages/index.html.erb within layouts/application (3.2ms)
Completed 200 OK in 13ms (Views: 12.6ms | ActiveRecord: 0.0ms)


Started GET "/" for ::1 at 2020-01-30 17:39:16 -0800
Processing by StaticPagesController#index as HTML
  Rendering static_pages/index.html.erb within layouts/application
  Rendered shared/_main_nav.html.erb (0.3ms)
  Rendered shared/_masthead.html.erb (0.2ms)
  Rendered shared/_sections_nav.html.erb (0.2ms)
  Rendered shared/_search_modal.html.erb (0.2ms)
  Rendered shared/_main_content.html.erb (0.2ms)
  Rendered static_pages/index.html.erb within layouts/application (4.4ms)
Completed 200 OK in 15ms (Views: 14.3ms | ActiveRecord: 0.0ms)


Started GET "/" for ::1 at 2020-01-30 17:39:43 -0800
Processing by StaticPagesController#index as HTML
  Rendering static_pages/index.html.erb within layouts/application
  Rendered shared/_main_nav.html.erb (0.2ms)
  Rendered shared/_masthead.html.erb (0.2ms)
  Rendered shared/_sections_nav.html.erb (0.1ms)
  Rendered shared/_search_modal.html.erb (0.1ms)
  Rendered shared/_main_content.html.erb (0.2ms)
  Rendered static_pages/index.html.erb within layouts/application (3.9ms)
Completed 200 OK in 15ms (Views: 14.3ms | ActiveRecord: 0.0ms)


Started GET "/" for ::1 at 2020-01-30 17:39:45 -0800
Processing by StaticPagesController#index as HTML
  Rendering static_pages/index.html.erb within layouts/application
  Rendered shared/_main_nav.html.erb (0.2ms)
  Rendered shared/_masthead.html.erb (0.2ms)
  Rendered shared/_sections_nav.html.erb (0.2ms)
  Rendered shared/_search_modal.html.erb (0.2ms)
  Rendered shared/_main_content.html.erb (0.2ms)
  Rendered static_pages/index.html.erb within layouts/application (4.2ms)
Completed 200 OK in 15ms (Views: 14.6ms | ActiveRecord: 0.0ms)


Started GET "/" for ::1 at 2020-01-30 17:39:48 -0800
Processing by StaticPagesController#index as HTML
  Rendering static_pages/index.html.erb within layouts/application
  Rendered shared/_main_nav.html.erb (0.3ms)
  Rendered shared/_masthead.html.erb (0.2ms)
  Rendered shared/_sections_nav.html.erb (0.2ms)
  Rendered shared/_search_modal.html.erb (0.3ms)
  Rendered shared/_main_content.html.erb (0.3ms)
  Rendered static_pages/index.html.erb within layouts/application (5.2ms)
Completed 200 OK in 17ms (Views: 15.9ms | ActiveRecord: 0.0ms)


Started GET "/" for ::1 at 2020-01-30 17:39:52 -0800
Processing by StaticPagesController#index as HTML
  Rendering static_pages/index.html.erb within layouts/application
  Rendered shared/_main_nav.html.erb (0.2ms)
  Rendered shared/_masthead.html.erb (0.2ms)
  Rendered shared/_sections_nav.html.erb (0.2ms)
  Rendered shared/_search_modal.html.erb (0.2ms)
  Rendered shared/_main_content.html.erb (0.2ms)
  Rendered static_pages/index.html.erb within layouts/application (4.3ms)
Completed 200 OK in 16ms (Views: 15.2ms | ActiveRecord: 0.0ms)


Started GET "/" for ::1 at 2020-01-30 17:39:54 -0800
Processing by StaticPagesController#index as HTML
  Rendering static_pages/index.html.erb within layouts/application
  Rendered shared/_main_nav.html.erb (0.2ms)
  Rendered shared/_masthead.html.erb (0.2ms)
  Rendered shared/_sections_nav.html.erb (0.1ms)
  Rendered shared/_search_modal.html.erb (0.2ms)
  Rendered shared/_main_content.html.erb (0.2ms)
  Rendered static_pages/index.html.erb within layouts/application (13.2ms)
Completed 200 OK in 23ms (Views: 22.8ms | ActiveRecord: 0.0ms)


Started GET "/" for ::1 at 2020-01-30 17:40:01 -0800
Processing by StaticPagesController#index as HTML
  Rendering static_pages/index.html.erb within layouts/application
  Rendered shared/_main_nav.html.erb (0.3ms)
  Rendered shared/_masthead.html.erb (0.2ms)
  Rendered shared/_sections_nav.html.erb (0.2ms)
  Rendered shared/_search_modal.html.erb (0.2ms)
  Rendered shared/_main_content.html.erb (0.2ms)
  Rendered static_pages/index.html.erb within layouts/application (4.7ms)
Completed 200 OK in 17ms (Views: 16.4ms | ActiveRecord: 0.0ms)


Started GET "/" for ::1 at 2020-01-30 17:40:19 -0800
Processing by StaticPagesController#index as HTML
  Rendering static_pages/index.html.erb within layouts/application
  Rendered shared/_main_nav.html.erb (0.2ms)
  Rendered shared/_masthead.html.erb (0.2ms)
  Rendered shared/_sections_nav.html.erb (0.2ms)
  Rendered shared/_search_modal.html.erb (0.2ms)
  Rendered shared/_main_content.html.erb (0.2ms)
  Rendered static_pages/index.html.erb within layouts/application (4.1ms)
Completed 200 OK in 16ms (Views: 15.5ms | ActiveRecord: 0.0ms)


Started GET "/" for ::1 at 2020-01-30 17:40:20 -0800
Processing by StaticPagesController#index as HTML
  Rendering static_pages/index.html.erb within layouts/application
  Rendered shared/_main_nav.html.erb (0.2ms)
  Rendered shared/_masthead.html.erb (0.2ms)
  Rendered shared/_sections_nav.html.erb (0.1ms)
  Rendered shared/_search_modal.html.erb (0.1ms)
  Rendered shared/_main_content.html.erb (0.2ms)
  Rendered static_pages/index.html.erb within layouts/application (3.6ms)
Completed 200 OK in 13ms (Views: 12.3ms | ActiveRecord: 0.0ms)


Started GET "/" for ::1 at 2020-01-30 17:40:24 -0800
Processing by StaticPagesController#index as HTML
  Rendering static_pages/index.html.erb within layouts/application
  Rendered shared/_main_nav.html.erb (0.2ms)
  Rendered shared/_masthead.html.erb (0.2ms)
  Rendered shared/_sections_nav.html.erb (0.1ms)
  Rendered shared/_search_modal.html.erb (0.1ms)
  Rendered shared/_main_content.html.erb (0.1ms)
  Rendered static_pages/index.html.erb within layouts/application (4.1ms)
Completed 200 OK in 14ms (Views: 13.7ms | ActiveRecord: 0.0ms)


Started GET "/" for ::1 at 2020-01-30 17:40:25 -0800
Processing by StaticPagesController#index as HTML
  Rendering static_pages/index.html.erb within layouts/application
  Rendered shared/_main_nav.html.erb (0.2ms)
  Rendered shared/_masthead.html.erb (0.2ms)
  Rendered shared/_sections_nav.html.erb (0.2ms)
  Rendered shared/_search_modal.html.erb (0.2ms)
  Rendered shared/_main_content.html.erb (0.1ms)
  Rendered static_pages/index.html.erb within layouts/application (4.3ms)
Completed 200 OK in 15ms (Views: 13.9ms | ActiveRecord: 0.0ms)


Started GET "/" for ::1 at 2020-01-30 17:40:25 -0800
Processing by StaticPagesController#index as HTML
  Rendering static_pages/index.html.erb within layouts/application
  Rendered shared/_main_nav.html.erb (0.2ms)
  Rendered shared/_masthead.html.erb (0.2ms)
  Rendered shared/_sections_nav.html.erb (0.2ms)
  Rendered shared/_search_modal.html.erb (0.1ms)
  Rendered shared/_main_content.html.erb (0.1ms)
  Rendered static_pages/index.html.erb within layouts/application (3.8ms)
Completed 200 OK in 25ms (Views: 23.8ms | ActiveRecord: 0.0ms)


Started GET "/" for ::1 at 2020-01-30 17:40:25 -0800
Processing by StaticPagesController#index as HTML
  Rendering static_pages/index.html.erb within layouts/application
  Rendered shared/_main_nav.html.erb (0.2ms)
  Rendered shared/_masthead.html.erb (0.2ms)
  Rendered shared/_sections_nav.html.erb (0.2ms)
  Rendered shared/_search_modal.html.erb (0.1ms)
  Rendered shared/_main_content.html.erb (0.1ms)
  Rendered static_pages/index.html.erb within layouts/application (3.9ms)
Completed 200 OK in 14ms (Views: 13.7ms | ActiveRecord: 0.0ms)


Started GET "/" for ::1 at 2020-01-30 17:40:28 -0800
Processing by StaticPagesController#index as HTML
  Rendering static_pages/index.html.erb within layouts/application
  Rendered shared/_main_nav.html.erb (0.3ms)
  Rendered shared/_masthead.html.erb (0.2ms)
  Rendered shared/_sections_nav.html.erb (0.2ms)
  Rendered shared/_search_modal.html.erb (0.2ms)
  Rendered shared/_main_content.html.erb (0.2ms)
  Rendered static_pages/index.html.erb within layouts/application (4.5ms)
Completed 200 OK in 15ms (Views: 14.5ms | ActiveRecord: 0.0ms)


Started GET "/" for ::1 at 2020-01-30 17:40:34 -0800
Processing by StaticPagesController#index as HTML
  Rendering static_pages/index.html.erb within layouts/application
  Rendered shared/_main_nav.html.erb (0.2ms)
  Rendered shared/_masthead.html.erb (0.2ms)
  Rendered shared/_sections_nav.html.erb (0.2ms)
  Rendered shared/_search_modal.html.erb (0.2ms)
  Rendered shared/_main_content.html.erb (0.2ms)
  Rendered static_pages/index.html.erb within layouts/application (4.2ms)
Completed 200 OK in 30ms (Views: 29.4ms | ActiveRecord: 0.0ms)


Started GET "/" for ::1 at 2020-01-30 17:41:15 -0800
Processing by StaticPagesController#index as HTML
  Rendering static_pages/index.html.erb within layouts/application
  Rendered shared/_main_nav.html.erb (0.4ms)
  Rendered shared/_masthead.html.erb (0.2ms)
  Rendered shared/_sections_nav.html.erb (0.5ms)
  Rendered shared/_search_modal.html.erb (0.2ms)
  Rendered shared/_main_content.html.erb (0.2ms)
  Rendered static_pages/index.html.erb within layouts/application (6.6ms)
Completed 200 OK in 24ms (Views: 23.3ms | ActiveRecord: 0.0ms)


Started GET "/" for ::1 at 2020-01-30 17:41:22 -0800
Processing by StaticPagesController#index as HTML
  Rendering static_pages/index.html.erb within layouts/application
  Rendered shared/_main_nav.html.erb (0.3ms)
  Rendered shared/_masthead.html.erb (0.6ms)
  Rendered shared/_sections_nav.html.erb (0.2ms)
  Rendered shared/_search_modal.html.erb (0.2ms)
  Rendered shared/_main_content.html.erb (0.1ms)
  Rendered static_pages/index.html.erb within layouts/application (5.9ms)
Completed 200 OK in 30ms (Views: 29.3ms | ActiveRecord: 0.0ms)


Started GET "/assets/application.self-1001b2599e81172592ff49a0b24a76dcb78c2275647064215f722f142caecfe8.css?body=1&livereload=1580434896104" for ::1 at 2020-01-30 17:41:36 -0800
Started GET "/assets/application.self-1001b2599e81172592ff49a0b24a76dcb78c2275647064215f722f142caecfe8.css?body=1&livereload=1580434896106" for ::1 at 2020-01-30 17:41:36 -0800
Started GET "/assets/application.self-1001b2599e81172592ff49a0b24a76dcb78c2275647064215f722f142caecfe8.css?body=1&livereload=1580434988899" for ::1 at 2020-01-30 17:43:08 -0800
Started GET "/assets/application.self-1001b2599e81172592ff49a0b24a76dcb78c2275647064215f722f142caecfe8.css?body=1&livereload=1580434988897" for ::1 at 2020-01-30 17:43:08 -0800
Started GET "/assets/application.self-1001b2599e81172592ff49a0b24a76dcb78c2275647064215f722f142caecfe8.css?body=1&livereload=1580434999690" for ::1 at 2020-01-30 17:43:19 -0800
Started GET "/assets/application.self-1001b2599e81172592ff49a0b24a76dcb78c2275647064215f722f142caecfe8.css?body=1&livereload=1580434999691" for ::1 at 2020-01-30 17:43:19 -0800
Started GET "/" for ::1 at 2020-01-30 17:44:00 -0800
Processing by StaticPagesController#index as HTML
  Rendering static_pages/index.html.erb within layouts/application
  Rendered shared/_main_nav.html.erb (0.2ms)
  Rendered shared/_masthead.html.erb (0.1ms)
  Rendered shared/_sections_nav.html.erb (0.1ms)
  Rendered shared/_search_modal.html.erb (0.1ms)
  Rendered shared/_main_content.html.erb (0.2ms)
  Rendered static_pages/index.html.erb within layouts/application (3.7ms)
Completed 200 OK in 20ms (Views: 19.1ms | ActiveRecord: 0.0ms)


Started GET "/assets/application.self-0889fcb291892faf06b90cfadee50f981b1fed06a8e5969d3eeb5e878592a2be.css?body=1" for ::1 at 2020-01-30 17:44:00 -0800
Started GET "/assets/application.self-0889fcb291892faf06b90cfadee50f981b1fed06a8e5969d3eeb5e878592a2be.css?body=1&livereload=1580435045708" for ::1 at 2020-01-30 17:44:05 -0800
Started GET "/assets/application.self-0889fcb291892faf06b90cfadee50f981b1fed06a8e5969d3eeb5e878592a2be.css?body=1&livereload=1580435045709" for ::1 at 2020-01-30 17:44:05 -0800
Started GET "/assets/application.self-0889fcb291892faf06b90cfadee50f981b1fed06a8e5969d3eeb5e878592a2be.css?body=1&livereload=1580435096689" for ::1 at 2020-01-30 17:44:56 -0800
Started GET "/assets/application.self-0889fcb291892faf06b90cfadee50f981b1fed06a8e5969d3eeb5e878592a2be.css?body=1&livereload=1580435096691" for ::1 at 2020-01-30 17:44:56 -0800
Started GET "/" for ::1 at 2020-01-30 17:44:57 -0800
Processing by StaticPagesController#index as HTML
  Rendering static_pages/index.html.erb within layouts/application
  Rendered shared/_main_nav.html.erb (0.2ms)
  Rendered shared/_masthead.html.erb (0.1ms)
  Rendered shared/_sections_nav.html.erb (0.2ms)
  Rendered shared/_search_modal.html.erb (0.1ms)
  Rendered shared/_main_content.html.erb (0.2ms)
  Rendered static_pages/index.html.erb within layouts/application (3.9ms)
Completed 200 OK in 18ms (Views: 17.4ms | ActiveRecord: 0.0ms)


Started GET "/assets/application.self-10f1b7acaf5e2fee0bea029d1cab2f611f3df039a19ad1b6ffebb65abe32ddce.css?body=1" for ::1 at 2020-01-30 17:44:57 -0800
Started GET "/assets/application.self-10f1b7acaf5e2fee0bea029d1cab2f611f3df039a19ad1b6ffebb65abe32ddce.css?body=1&livereload=1580435101919" for ::1 at 2020-01-30 17:45:01 -0800
Started GET "/assets/application.self-10f1b7acaf5e2fee0bea029d1cab2f611f3df039a19ad1b6ffebb65abe32ddce.css?body=1&livereload=1580435101920" for ::1 at 2020-01-30 17:45:01 -0800
Started GET "/assets/application.self-10f1b7acaf5e2fee0bea029d1cab2f611f3df039a19ad1b6ffebb65abe32ddce.css?body=1&livereload=1580435105972" for ::1 at 2020-01-30 17:45:05 -0800
Started GET "/assets/application.self-10f1b7acaf5e2fee0bea029d1cab2f611f3df039a19ad1b6ffebb65abe32ddce.css?body=1&livereload=1580435105974" for ::1 at 2020-01-30 17:45:05 -0800
Started GET "/assets/application.self-10f1b7acaf5e2fee0bea029d1cab2f611f3df039a19ad1b6ffebb65abe32ddce.css?body=1&livereload=1580435106530" for ::1 at 2020-01-30 17:45:06 -0800
Started GET "/assets/application.self-10f1b7acaf5e2fee0bea029d1cab2f611f3df039a19ad1b6ffebb65abe32ddce.css?body=1&livereload=1580435106531" for ::1 at 2020-01-30 17:45:06 -0800
Started GET "/assets/application.self-10f1b7acaf5e2fee0bea029d1cab2f611f3df039a19ad1b6ffebb65abe32ddce.css?body=1&livereload=1580435167379" for ::1 at 2020-01-30 17:46:07 -0800
Started GET "/assets/application.self-10f1b7acaf5e2fee0bea029d1cab2f611f3df039a19ad1b6ffebb65abe32ddce.css?body=1&livereload=1580435167380" for ::1 at 2020-01-30 17:46:07 -0800
Started GET "/" for ::1 at 2020-01-30 17:46:15 -0800
Processing by StaticPagesController#index as HTML
  Rendering static_pages/index.html.erb within layouts/application
  Rendered shared/_main_nav.html.erb (0.2ms)
  Rendered shared/_masthead.html.erb (0.1ms)
  Rendered shared/_sections_nav.html.erb (0.1ms)
  Rendered shared/_search_modal.html.erb (0.1ms)
  Rendered shared/_main_content.html.erb (0.1ms)
  Rendered static_pages/index.html.erb within layouts/application (3.8ms)
Completed 200 OK in 19ms (Views: 18.2ms | ActiveRecord: 0.0ms)


Started GET "/assets/application.self-bb57e3db5d37738dcfe4003461b0fc9423ffd304f73369dedbae8e803e84b16e.css?body=1" for ::1 at 2020-01-30 17:46:15 -0800
Started GET "/assets/application.self-bb57e3db5d37738dcfe4003461b0fc9423ffd304f73369dedbae8e803e84b16e.css?body=1&livereload=1580435177346" for ::1 at 2020-01-30 17:46:17 -0800
Started GET "/assets/application.self-bb57e3db5d37738dcfe4003461b0fc9423ffd304f73369dedbae8e803e84b16e.css?body=1&livereload=1580435177348" for ::1 at 2020-01-30 17:46:17 -0800
Started GET "/" for ::1 at 2020-01-30 17:46:18 -0800
Processing by StaticPagesController#index as HTML
  Rendering static_pages/index.html.erb within layouts/application
  Rendered shared/_main_nav.html.erb (0.2ms)
  Rendered shared/_masthead.html.erb (0.2ms)
  Rendered shared/_sections_nav.html.erb (0.1ms)
  Rendered shared/_search_modal.html.erb (0.1ms)
  Rendered shared/_main_content.html.erb (0.1ms)
  Rendered static_pages/index.html.erb within layouts/application (3.7ms)
Completed 200 OK in 15ms (Views: 14.6ms | ActiveRecord: 0.0ms)


Started GET "/assets/application.self-bb57e3db5d37738dcfe4003461b0fc9423ffd304f73369dedbae8e803e84b16e.css?body=1&livereload=1580435216636" for ::1 at 2020-01-30 17:46:56 -0800
Started GET "/assets/application.self-bb57e3db5d37738dcfe4003461b0fc9423ffd304f73369dedbae8e803e84b16e.css?body=1&livereload=1580435216637" for ::1 at 2020-01-30 17:46:56 -0800
Started GET "/assets/application.self-bb57e3db5d37738dcfe4003461b0fc9423ffd304f73369dedbae8e803e84b16e.css?body=1&livereload=1580435219882" for ::1 at 2020-01-30 17:46:59 -0800
Started GET "/assets/application.self-bb57e3db5d37738dcfe4003461b0fc9423ffd304f73369dedbae8e803e84b16e.css?body=1&livereload=1580435219883" for ::1 at 2020-01-30 17:46:59 -0800
Started GET "/assets/application.self-bb57e3db5d37738dcfe4003461b0fc9423ffd304f73369dedbae8e803e84b16e.css?body=1&livereload=1580435225044" for ::1 at 2020-01-30 17:47:05 -0800
Started GET "/assets/application.self-bb57e3db5d37738dcfe4003461b0fc9423ffd304f73369dedbae8e803e84b16e.css?body=1&livereload=1580435225045" for ::1 at 2020-01-30 17:47:05 -0800
Started GET "/assets/application.self-bb57e3db5d37738dcfe4003461b0fc9423ffd304f73369dedbae8e803e84b16e.css?body=1&livereload=1580435226421" for ::1 at 2020-01-30 17:47:06 -0800
Started GET "/assets/application.self-bb57e3db5d37738dcfe4003461b0fc9423ffd304f73369dedbae8e803e84b16e.css?body=1&livereload=1580435226422" for ::1 at 2020-01-30 17:47:06 -0800
Started GET "/assets/application.self-bb57e3db5d37738dcfe4003461b0fc9423ffd304f73369dedbae8e803e84b16e.css?body=1&livereload=1580435228540" for ::1 at 2020-01-30 17:47:08 -0800
Started GET "/assets/application.self-bb57e3db5d37738dcfe4003461b0fc9423ffd304f73369dedbae8e803e84b16e.css?body=1&livereload=1580435228541" for ::1 at 2020-01-30 17:47:08 -0800
Started GET "/assets/application.self-bb57e3db5d37738dcfe4003461b0fc9423ffd304f73369dedbae8e803e84b16e.css?body=1&livereload=1580435229566" for ::1 at 2020-01-30 17:47:09 -0800
Started GET "/assets/application.self-bb57e3db5d37738dcfe4003461b0fc9423ffd304f73369dedbae8e803e84b16e.css?body=1&livereload=1580435229566&livereload=1580435229566" for ::1 at 2020-01-30 17:47:09 -0800
Started GET "/" for ::1 at 2020-01-30 17:47:12 -0800
Processing by StaticPagesController#index as HTML
  Rendering static_pages/index.html.erb within layouts/application
  Rendered shared/_main_nav.html.erb (0.2ms)
  Rendered shared/_masthead.html.erb (0.1ms)
  Rendered shared/_sections_nav.html.erb (0.1ms)
  Rendered shared/_search_modal.html.erb (0.2ms)
  Rendered shared/_main_content.html.erb (0.1ms)
  Rendered static_pages/index.html.erb within layouts/application (3.6ms)
Completed 200 OK in 17ms (Views: 16.6ms | ActiveRecord: 0.0ms)


Started GET "/assets/application.self-4ac3fa5f4a251e83fd5d9e2e5ec2e051c65032be2493e64ce3bb01ce07da6ec0.css?body=1" for ::1 at 2020-01-30 17:47:12 -0800
Started GET "/assets/application.self-4ac3fa5f4a251e83fd5d9e2e5ec2e051c65032be2493e64ce3bb01ce07da6ec0.css?body=1&livereload=1580435327483" for ::1 at 2020-01-30 17:48:47 -0800
Started GET "/assets/application.self-4ac3fa5f4a251e83fd5d9e2e5ec2e051c65032be2493e64ce3bb01ce07da6ec0.css?body=1&livereload=1580435327482" for ::1 at 2020-01-30 17:48:47 -0800
Started GET "/" for ::1 at 2020-01-30 17:53:40 -0800
Processing by StaticPagesController#index as HTML
  Rendering static_pages/index.html.erb within layouts/application
  Rendered shared/_sections_sidebar.html.erb (0.2ms)
  Rendered shared/_gear_dropdown.html.erb (0.2ms)
  Rendered shared/_main_nav.html.erb (2.0ms)
  Rendered shared/_masthead.html.erb (0.1ms)
  Rendered shared/_sections_nav.html.erb (0.2ms)
  Rendered shared/_search_modal.html.erb (0.2ms)
  Rendered shared/_main_content.html.erb (0.2ms)
  Rendered static_pages/index.html.erb within layouts/application (5.7ms)
Completed 200 OK in 24ms (Views: 23.2ms | ActiveRecord: 0.0ms)


Started GET "/" for ::1 at 2020-01-30 17:53:41 -0800
Processing by StaticPagesController#index as HTML
  Rendering static_pages/index.html.erb within layouts/application
  Rendered shared/_sections_sidebar.html.erb (0.3ms)
  Rendered shared/_gear_dropdown.html.erb (0.2ms)
  Rendered shared/_main_nav.html.erb (2.2ms)
  Rendered shared/_masthead.html.erb (0.2ms)
  Rendered shared/_sections_nav.html.erb (0.1ms)
  Rendered shared/_search_modal.html.erb (0.2ms)
  Rendered shared/_main_content.html.erb (0.1ms)
  Rendered static_pages/index.html.erb within layouts/application (5.9ms)
Completed 200 OK in 26ms (Views: 25.6ms | ActiveRecord: 0.0ms)


Started GET "/" for ::1 at 2020-01-30 17:53:44 -0800
Processing by StaticPagesController#index as HTML
  Rendering static_pages/index.html.erb within layouts/application
  Rendered shared/_sections_sidebar.html.erb (0.2ms)
  Rendered shared/_gear_dropdown.html.erb (0.2ms)
  Rendered shared/_main_nav.html.erb (1.8ms)
  Rendered shared/_masthead.html.erb (0.2ms)
  Rendered shared/_sections_nav.html.erb (0.2ms)
  Rendered shared/_search_modal.html.erb (0.2ms)
  Rendered shared/_main_content.html.erb (0.2ms)
  Rendered static_pages/index.html.erb within layouts/application (6.1ms)
Completed 200 OK in 18ms (Views: 17.0ms | ActiveRecord: 0.0ms)


Started GET "/" for ::1 at 2020-01-30 17:53:46 -0800
Processing by StaticPagesController#index as HTML
  Rendering static_pages/index.html.erb within layouts/application
  Rendered shared/_sections_sidebar.html.erb (0.1ms)
  Rendered shared/_gear_dropdown.html.erb (0.2ms)
  Rendered shared/_main_nav.html.erb (1.8ms)
  Rendered shared/_masthead.html.erb (0.2ms)
  Rendered shared/_sections_nav.html.erb (0.2ms)
  Rendered shared/_search_modal.html.erb (0.1ms)
  Rendered shared/_main_content.html.erb (0.1ms)
  Rendered static_pages/index.html.erb within layouts/application (5.0ms)
Completed 200 OK in 14ms (Views: 13.4ms | ActiveRecord: 0.0ms)


Started GET "/" for ::1 at 2020-01-30 17:53:50 -0800
Processing by StaticPagesController#index as HTML
  Rendering static_pages/index.html.erb within layouts/application
  Rendered shared/_sections_sidebar.html.erb (0.2ms)
  Rendered shared/_gear_dropdown.html.erb (0.2ms)
  Rendered shared/_main_nav.html.erb (2.1ms)
  Rendered shared/_masthead.html.erb (0.3ms)
  Rendered shared/_sections_nav.html.erb (0.2ms)
  Rendered shared/_search_modal.html.erb (0.3ms)
  Rendered shared/_main_content.html.erb (0.2ms)
  Rendered static_pages/index.html.erb within layouts/application (7.1ms)
Completed 200 OK in 19ms (Views: 17.8ms | ActiveRecord: 0.0ms)


Started GET "/" for ::1 at 2020-01-30 17:53:51 -0800
Processing by StaticPagesController#index as HTML
  Rendering static_pages/index.html.erb within layouts/application
  Rendered shared/_sections_sidebar.html.erb (0.1ms)
  Rendered shared/_gear_dropdown.html.erb (0.2ms)
  Rendered shared/_main_nav.html.erb (1.7ms)
  Rendered shared/_masthead.html.erb (0.2ms)
  Rendered shared/_sections_nav.html.erb (0.1ms)
  Rendered shared/_search_modal.html.erb (0.1ms)
  Rendered shared/_main_content.html.erb (0.1ms)
  Rendered static_pages/index.html.erb within layouts/application (5.3ms)
Completed 200 OK in 16ms (Views: 14.7ms | ActiveRecord: 0.0ms)


Started GET "/" for ::1 at 2020-01-30 17:54:09 -0800
Processing by StaticPagesController#index as HTML
  Rendering static_pages/index.html.erb within layouts/application
  Rendered shared/_sections_sidebar.html.erb (0.2ms)
  Rendered shared/_gear_dropdown.html.erb (0.2ms)
  Rendered shared/_main_nav.html.erb (2.0ms)
  Rendered shared/_masthead.html.erb (0.1ms)
  Rendered shared/_sections_nav.html.erb (0.1ms)
  Rendered shared/_search_modal.html.erb (0.1ms)
  Rendered shared/_main_content.html.erb (0.1ms)
  Rendered static_pages/index.html.erb within layouts/application (6.4ms)
Completed 200 OK in 15ms (Views: 14.6ms | ActiveRecord: 0.0ms)


Started GET "/" for ::1 at 2020-01-30 17:54:21 -0800
Processing by StaticPagesController#index as HTML
  Rendering static_pages/index.html.erb within layouts/application
  Rendered shared/_sections_sidebar.html.erb (0.2ms)
  Rendered shared/_gear_dropdown.html.erb (0.2ms)
  Rendered shared/_main_nav.html.erb (1.9ms)
  Rendered shared/_masthead.html.erb (0.1ms)
  Rendered shared/_sections_nav.html.erb (0.1ms)
  Rendered shared/_search_modal.html.erb (0.2ms)
  Rendered shared/_main_content.html.erb (0.1ms)
  Rendered static_pages/index.html.erb within layouts/application (5.4ms)
Completed 200 OK in 28ms (Views: 27.5ms | ActiveRecord: 0.0ms)


Started GET "/assets/application.self-4ac3fa5f4a251e83fd5d9e2e5ec2e051c65032be2493e64ce3bb01ce07da6ec0.css?body=1&livereload=1580435714620" for ::1 at 2020-01-30 17:55:14 -0800
Started GET "/assets/application.self-4ac3fa5f4a251e83fd5d9e2e5ec2e051c65032be2493e64ce3bb01ce07da6ec0.css?body=1&livereload=1580435714621" for ::1 at 2020-01-30 17:55:14 -0800
Started GET "/assets/application.self-4ac3fa5f4a251e83fd5d9e2e5ec2e051c65032be2493e64ce3bb01ce07da6ec0.css?body=1&livereload=1580435730331" for ::1 at 2020-01-30 17:55:30 -0800
Started GET "/assets/application.self-4ac3fa5f4a251e83fd5d9e2e5ec2e051c65032be2493e64ce3bb01ce07da6ec0.css?body=1&livereload=1580435730332" for ::1 at 2020-01-30 17:55:30 -0800
Started GET "/assets/application.self-4ac3fa5f4a251e83fd5d9e2e5ec2e051c65032be2493e64ce3bb01ce07da6ec0.css?body=1&livereload=1580435730984" for ::1 at 2020-01-30 17:55:30 -0800
Started GET "/assets/application.self-4ac3fa5f4a251e83fd5d9e2e5ec2e051c65032be2493e64ce3bb01ce07da6ec0.css?body=1&livereload=1580435730985" for ::1 at 2020-01-30 17:55:30 -0800
Started GET "/assets/application.self-4ac3fa5f4a251e83fd5d9e2e5ec2e051c65032be2493e64ce3bb01ce07da6ec0.css?body=1&livereload=1580435766247" for ::1 at 2020-01-30 17:56:06 -0800
Started GET "/assets/application.self-4ac3fa5f4a251e83fd5d9e2e5ec2e051c65032be2493e64ce3bb01ce07da6ec0.css?body=1&livereload=1580435766248" for ::1 at 2020-01-30 17:56:06 -0800
Started GET "/assets/application.self-4ac3fa5f4a251e83fd5d9e2e5ec2e051c65032be2493e64ce3bb01ce07da6ec0.css?body=1&livereload=1580435767713" for ::1 at 2020-01-30 17:56:07 -0800
Started GET "/assets/application.self-4ac3fa5f4a251e83fd5d9e2e5ec2e051c65032be2493e64ce3bb01ce07da6ec0.css?body=1&livereload=1580435767714" for ::1 at 2020-01-30 17:56:07 -0800
Started GET "/" for ::1 at 2020-01-30 17:56:10 -0800
Processing by StaticPagesController#index as HTML
  Rendering static_pages/index.html.erb within layouts/application
  Rendered shared/_sections_sidebar.html.erb (0.2ms)
  Rendered shared/_gear_dropdown.html.erb (0.2ms)
  Rendered shared/_main_nav.html.erb (1.7ms)
  Rendered shared/_masthead.html.erb (0.2ms)
  Rendered shared/_sections_nav.html.erb (0.1ms)
  Rendered shared/_search_modal.html.erb (0.2ms)
  Rendered shared/_main_content.html.erb (0.2ms)
  Rendered static_pages/index.html.erb within layouts/application (5.4ms)
Completed 200 OK in 21ms (Views: 19.9ms | ActiveRecord: 0.0ms)


Started GET "/assets/application.self-e74ddfe5ed464add4a6a45630c535b8eb004887970e31831d99d52409fd5b6e7.css?body=1" for ::1 at 2020-01-30 17:56:10 -0800
Started GET "/assets/application.self-e74ddfe5ed464add4a6a45630c535b8eb004887970e31831d99d52409fd5b6e7.css?body=1&livereload=1580435773818" for ::1 at 2020-01-30 17:56:13 -0800
Started GET "/assets/application.self-e74ddfe5ed464add4a6a45630c535b8eb004887970e31831d99d52409fd5b6e7.css?body=1&livereload=1580435773818&livereload=1580435773818" for ::1 at 2020-01-30 17:56:13 -0800
Started GET "/" for ::1 at 2020-01-30 18:05:08 -0800
Processing by StaticPagesController#index as HTML
  Rendering static_pages/index.html.erb within layouts/application
  Rendered shared/_sections_sidebar.html.erb (0.2ms)
  Rendered shared/_gear_dropdown.html.erb (0.2ms)
  Rendered shared/_main_nav.html.erb (1.7ms)
  Rendered shared/_masthead.html.erb (0.1ms)
  Rendered shared/_sections_nav.html.erb (0.1ms)
  Rendered shared/_search_modal.html.erb (0.1ms)
  Rendered shared/_main_content.html.erb (0.1ms)
  Rendered static_pages/index.html.erb within layouts/application (5.4ms)
Completed 200 OK in 17ms (Views: 16.2ms | ActiveRecord: 0.0ms)


Started GET "/" for ::1 at 2020-01-30 19:55:33 -0800
Processing by StaticPagesController#index as HTML
  Rendering static_pages/index.html.erb within layouts/application
  Rendered shared/_sections_sidebar.html.erb (0.1ms)
  Rendered shared/_gear_dropdown.html.erb (0.2ms)
  Rendered shared/_main_nav.html.erb (1.6ms)
  Rendered shared/_masthead.html.erb (0.2ms)
  Rendered shared/_sections_nav.html.erb (0.1ms)
  Rendered shared/_search_modal.html.erb (0.2ms)
  Rendered shared/_main_content.html.erb (0.2ms)
  Rendered static_pages/index.html.erb within layouts/application (5.2ms)
Completed 200 OK in 24ms (Views: 22.9ms | ActiveRecord: 0.0ms)


Started GET "/assets/AA_Times_Logo.png" for ::1 at 2020-01-30 19:55:33 -0800
Started GET "/" for ::1 at 2020-01-30 19:55:37 -0800
Processing by StaticPagesController#index as HTML
  Rendering static_pages/index.html.erb within layouts/application
  Rendered shared/_sections_sidebar.html.erb (0.1ms)
  Rendered shared/_gear_dropdown.html.erb (0.2ms)
  Rendered shared/_main_nav.html.erb (1.7ms)
  Rendered shared/_masthead.html.erb (0.2ms)
  Rendered shared/_sections_nav.html.erb (0.2ms)
  Rendered shared/_search_modal.html.erb (0.2ms)
  Rendered shared/_main_content.html.erb (0.1ms)
  Rendered static_pages/index.html.erb within layouts/application (5.6ms)
Completed 200 OK in 17ms (Views: 15.9ms | ActiveRecord: 0.0ms)


Started GET "/assets/AA_Times_Logo.png" for ::1 at 2020-01-30 19:55:37 -0800
Started GET "/" for ::1 at 2020-01-30 19:55:44 -0800
Processing by StaticPagesController#index as HTML
  Rendering static_pages/index.html.erb within layouts/application
  Rendered shared/_sections_sidebar.html.erb (0.2ms)
  Rendered shared/_gear_dropdown.html.erb (0.2ms)
  Rendered shared/_main_nav.html.erb (1.9ms)
  Rendered shared/_masthead.html.erb (0.2ms)
  Rendered shared/_sections_nav.html.erb (0.2ms)
  Rendered shared/_search_modal.html.erb (0.2ms)
  Rendered shared/_main_content.html.erb (0.1ms)
  Rendered static_pages/index.html.erb within layouts/application (5.6ms)
Completed 200 OK in 17ms (Views: 16.2ms | ActiveRecord: 0.0ms)


Started GET "/assets/AA_Times_Logo.png" for ::1 at 2020-01-30 19:55:44 -0800
Started GET "/" for ::1 at 2020-01-30 19:56:16 -0800
Processing by StaticPagesController#index as HTML
  Rendering static_pages/index.html.erb within layouts/application
  Rendered shared/_sections_sidebar.html.erb (0.2ms)
  Rendered shared/_gear_dropdown.html.erb (0.2ms)
  Rendered shared/_main_nav.html.erb (1.9ms)
  Rendered shared/_masthead.html.erb (0.2ms)
  Rendered shared/_sections_nav.html.erb (0.2ms)
  Rendered shared/_search_modal.html.erb (0.1ms)
  Rendered shared/_main_content.html.erb (0.2ms)
  Rendered static_pages/index.html.erb within layouts/application (5.9ms)
Completed 200 OK in 17ms (Views: 16.4ms | ActiveRecord: 0.0ms)


Started GET "/assets/AA_Times_Logo.png" for ::1 at 2020-01-30 19:56:16 -0800
Started GET "/" for ::1 at 2020-01-30 19:56:19 -0800
Processing by StaticPagesController#index as HTML
  Rendering static_pages/index.html.erb within layouts/application
  Rendered shared/_sections_sidebar.html.erb (0.2ms)
  Rendered shared/_gear_dropdown.html.erb (0.3ms)
  Rendered shared/_main_nav.html.erb (2.1ms)
  Rendered shared/_masthead.html.erb (0.3ms)
  Rendered shared/_sections_nav.html.erb (0.4ms)
  Rendered shared/_search_modal.html.erb (0.4ms)
  Rendered shared/_main_content.html.erb (0.2ms)
  Rendered static_pages/index.html.erb within layouts/application (7.8ms)
Completed 200 OK in 21ms (Views: 19.8ms | ActiveRecord: 0.0ms)


Started GET "/assets/AA_Times_Logo.png" for ::1 at 2020-01-30 19:56:19 -0800
Started GET "/" for ::1 at 2020-01-30 19:57:06 -0800
Processing by StaticPagesController#index as HTML
  Rendering static_pages/index.html.erb within layouts/application
  Rendered shared/_sections_sidebar.html.erb (0.8ms)
  Rendered shared/_gear_dropdown.html.erb (0.3ms)
  Rendered shared/_main_nav.html.erb (3.6ms)
  Rendered shared/_masthead.html.erb (0.3ms)
  Rendered shared/_sections_nav.html.erb (0.2ms)
  Rendered shared/_search_modal.html.erb (0.3ms)
  Rendered shared/_main_content.html.erb (0.4ms)
  Rendered static_pages/index.html.erb within layouts/application (8.7ms)
Completed 200 OK in 22ms (Views: 21.4ms | ActiveRecord: 0.0ms)


Started GET "/assets/AA_Times_Logo.png" for ::1 at 2020-01-30 19:57:06 -0800
